{
  "stats": {
    "suites": 6,
    "tests": 22,
    "passes": 22,
    "pending": 0,
    "failures": 0,
    "start": "2021-04-30T17:09:35.365Z",
    "end": "2021-04-30T17:09:39.708Z",
    "duration": 4343,
    "testsRegistered": 22,
    "passPercent": 100,
    "pendingPercent": 0,
    "other": 0,
    "hasOther": false,
    "skipped": 0,
    "hasSkipped": false
  },
  "results": [
    {
      "uuid": "43801c7a-e999-4f04-b4db-cd547de2d2d7",
      "title": "",
      "fullFile": "cypress/integration/footer_spec.js",
      "file": "cypress/integration/footer_spec.js",
      "beforeHooks": [],
      "afterHooks": [],
      "tests": [],
      "suites": [
        {
          "uuid": "fd80e9de-09df-4b7d-8b16-32bcf8c5aff5",
          "title": "19 - Implemente os elementos do menu inferior respeitando os atributos descritos no protótipo",
          "fullFile": "",
          "file": "",
          "beforeHooks": [],
          "afterHooks": [],
          "tests": [
            {
              "title": "Tem os data-testids footer, drinks-bottom-btn, explore-bottom-btn e food-bottom-btn",
              "fullTitle": "19 - Implemente os elementos do menu inferior respeitando os atributos descritos no protótipo Tem os data-testids footer, drinks-bottom-btn, explore-bottom-btn e food-bottom-btn",
              "timedOut": null,
              "duration": 357,
              "state": "passed",
              "speed": "slow",
              "pass": true,
              "fail": false,
              "pending": false,
              "context": null,
              "code": "cy.visit('http://localhost:3000/comidas');\ncy.get('[data-testid=\"footer\"]');\ncy.get('[data-testid=\"drinks-bottom-btn\"]');\ncy.get('[data-testid=\"explore-bottom-btn\"]');\ncy.get('[data-testid=\"food-bottom-btn\"]');",
              "err": {},
              "uuid": "db2d5aba-3dbf-4221-8f97-f637d3cbdc08",
              "parentUUID": "fd80e9de-09df-4b7d-8b16-32bcf8c5aff5",
              "isHook": false,
              "skipped": false
            }
          ],
          "suites": [],
          "passes": [
            "db2d5aba-3dbf-4221-8f97-f637d3cbdc08"
          ],
          "failures": [],
          "pending": [],
          "skipped": [],
          "duration": 357,
          "root": false,
          "rootEmpty": false,
          "_timeout": 2000
        },
        {
          "uuid": "671c9506-4bff-4004-80b6-88db0acffad4",
          "title": "20 - Posicione o menu inferior de forma fixa e apresente 3 ícones: um para comidas, um para bebidas e outro para exploração",
          "fullFile": "",
          "file": "",
          "beforeHooks": [],
          "afterHooks": [],
          "tests": [
            {
              "title": "O menu inferior deve ficar fixado sempre ao final da página",
              "fullTitle": "20 - Posicione o menu inferior de forma fixa e apresente 3 ícones: um para comidas, um para bebidas e outro para exploração O menu inferior deve ficar fixado sempre ao final da página",
              "timedOut": null,
              "duration": 147,
              "state": "passed",
              "speed": "slow",
              "pass": true,
              "fail": false,
              "pending": false,
              "context": null,
              "code": "cy.visit('http://localhost:3000/comidas');\ncy.get('[data-testid=\"footer\"]').should('have.css', 'position', 'fixed');\ncy.get('[data-testid=\"footer\"]').should('have.css', 'bottom', '0px');",
              "err": {},
              "uuid": "eeaf05ed-3fc1-42fc-b687-f86e18f08f7c",
              "parentUUID": "671c9506-4bff-4004-80b6-88db0acffad4",
              "isHook": false,
              "skipped": false
            },
            {
              "title": "Apresenta os ícones corretos",
              "fullTitle": "20 - Posicione o menu inferior de forma fixa e apresente 3 ícones: um para comidas, um para bebidas e outro para exploração Apresenta os ícones corretos",
              "timedOut": null,
              "duration": 86,
              "state": "passed",
              "speed": "slow",
              "pass": true,
              "fail": false,
              "pending": false,
              "context": null,
              "code": "cy.visit('http://localhost:3000/comidas');\ncy.get('[data-testid=\"drinks-bottom-btn\"]').should('have.attr', 'src').should('include', 'drinkIcon');\ncy.get('[data-testid=\"explore-bottom-btn\"]').should('have.attr', 'src').should('include', 'exploreIcon');\ncy.get('[data-testid=\"food-bottom-btn\"]').should('have.attr', 'src').should('include', 'mealIcon');",
              "err": {},
              "uuid": "eb31a525-ba45-43f6-955f-6a420a130c5a",
              "parentUUID": "671c9506-4bff-4004-80b6-88db0acffad4",
              "isHook": false,
              "skipped": false
            }
          ],
          "suites": [],
          "passes": [
            "eeaf05ed-3fc1-42fc-b687-f86e18f08f7c",
            "eb31a525-ba45-43f6-955f-6a420a130c5a"
          ],
          "failures": [],
          "pending": [],
          "skipped": [],
          "duration": 233,
          "root": false,
          "rootEmpty": false,
          "_timeout": 2000
        },
        {
          "uuid": "75093b40-3983-47e8-8f29-46ab5d665d48",
          "title": "21 - Exiba o menu inferior apenas nas telas indicadas pelo protótipo",
          "fullFile": "",
          "file": "",
          "beforeHooks": [],
          "afterHooks": [],
          "tests": [
            {
              "title": "Não tem footer na tela de login",
              "fullTitle": "21 - Exiba o menu inferior apenas nas telas indicadas pelo protótipo Não tem footer na tela de login",
              "timedOut": null,
              "duration": 84,
              "state": "passed",
              "speed": "slow",
              "pass": true,
              "fail": false,
              "pending": false,
              "context": null,
              "code": "cy.visit('http://localhost:3000/');\nhasNoFooter();",
              "err": {},
              "uuid": "b5c6b07c-ca36-42cd-b5c4-e620e34f1dbb",
              "parentUUID": "75093b40-3983-47e8-8f29-46ab5d665d48",
              "isHook": false,
              "skipped": false
            },
            {
              "title": "Tem footer na tela de principal de receitas de comidas",
              "fullTitle": "21 - Exiba o menu inferior apenas nas telas indicadas pelo protótipo Tem footer na tela de principal de receitas de comidas",
              "timedOut": null,
              "duration": 144,
              "state": "passed",
              "speed": "slow",
              "pass": true,
              "fail": false,
              "pending": false,
              "context": null,
              "code": "cy.visit('http://localhost:3000/comidas');\nhasFooter();",
              "err": {},
              "uuid": "e534c95b-ec8d-44cd-91a1-e44db04302d7",
              "parentUUID": "75093b40-3983-47e8-8f29-46ab5d665d48",
              "isHook": false,
              "skipped": false
            },
            {
              "title": "Tem footer na tela de principal de receitas de bebidas",
              "fullTitle": "21 - Exiba o menu inferior apenas nas telas indicadas pelo protótipo Tem footer na tela de principal de receitas de bebidas",
              "timedOut": null,
              "duration": 94,
              "state": "passed",
              "speed": "slow",
              "pass": true,
              "fail": false,
              "pending": false,
              "context": null,
              "code": "cy.visit('http://localhost:3000/bebidas');\nhasFooter();",
              "err": {},
              "uuid": "1212c514-849a-4fee-b8b3-74981a4b3382",
              "parentUUID": "75093b40-3983-47e8-8f29-46ab5d665d48",
              "isHook": false,
              "skipped": false
            },
            {
              "title": "Não tem footer na tela de detalhes de uma receita de comida",
              "fullTitle": "21 - Exiba o menu inferior apenas nas telas indicadas pelo protótipo Não tem footer na tela de detalhes de uma receita de comida",
              "timedOut": null,
              "duration": 104,
              "state": "passed",
              "speed": "slow",
              "pass": true,
              "fail": false,
              "pending": false,
              "context": null,
              "code": "cy.visit('http://localhost:3000/comidas/52771');\nhasNoFooter();",
              "err": {},
              "uuid": "8cb3f711-cd26-4007-a7a0-d8afcc5a34d5",
              "parentUUID": "75093b40-3983-47e8-8f29-46ab5d665d48",
              "isHook": false,
              "skipped": false
            },
            {
              "title": "Não tem footer na tela de detalhes de uma receita de bebida",
              "fullTitle": "21 - Exiba o menu inferior apenas nas telas indicadas pelo protótipo Não tem footer na tela de detalhes de uma receita de bebida",
              "timedOut": null,
              "duration": 84,
              "state": "passed",
              "speed": "slow",
              "pass": true,
              "fail": false,
              "pending": false,
              "context": null,
              "code": "cy.visit('http://localhost:3000/bebidas/178319');\nhasNoFooter();",
              "err": {},
              "uuid": "cf946ef1-5c7d-4430-a589-a1340837927d",
              "parentUUID": "75093b40-3983-47e8-8f29-46ab5d665d48",
              "isHook": false,
              "skipped": false
            },
            {
              "title": "Não tem footer na tela de receita em processo de comida",
              "fullTitle": "21 - Exiba o menu inferior apenas nas telas indicadas pelo protótipo Não tem footer na tela de receita em processo de comida",
              "timedOut": null,
              "duration": 81,
              "state": "passed",
              "speed": "slow",
              "pass": true,
              "fail": false,
              "pending": false,
              "context": null,
              "code": "cy.visit('http://localhost:3000/comidas/52771/in-progress');\nhasNoFooter();",
              "err": {},
              "uuid": "62fc101d-ddc6-4571-aa79-6f4f16d26675",
              "parentUUID": "75093b40-3983-47e8-8f29-46ab5d665d48",
              "isHook": false,
              "skipped": false
            },
            {
              "title": "Não tem footer na tela de receita em processo de bebida",
              "fullTitle": "21 - Exiba o menu inferior apenas nas telas indicadas pelo protótipo Não tem footer na tela de receita em processo de bebida",
              "timedOut": null,
              "duration": 111,
              "state": "passed",
              "speed": "slow",
              "pass": true,
              "fail": false,
              "pending": false,
              "context": null,
              "code": "cy.visit('http://localhost:3000/bebidas/178319/in-progress');\nhasNoFooter();",
              "err": {},
              "uuid": "3ceceb8b-a342-4148-945c-566633576462",
              "parentUUID": "75093b40-3983-47e8-8f29-46ab5d665d48",
              "isHook": false,
              "skipped": false
            },
            {
              "title": "Tem footer na tela de explorar",
              "fullTitle": "21 - Exiba o menu inferior apenas nas telas indicadas pelo protótipo Tem footer na tela de explorar",
              "timedOut": null,
              "duration": 101,
              "state": "passed",
              "speed": "slow",
              "pass": true,
              "fail": false,
              "pending": false,
              "context": null,
              "code": "cy.visit('http://localhost:3000/explorar');\nhasFooter();",
              "err": {},
              "uuid": "c530a460-0108-4d80-8ab5-c8caa8c51fb3",
              "parentUUID": "75093b40-3983-47e8-8f29-46ab5d665d48",
              "isHook": false,
              "skipped": false
            },
            {
              "title": "Tem footer na tela de explorar comidas",
              "fullTitle": "21 - Exiba o menu inferior apenas nas telas indicadas pelo protótipo Tem footer na tela de explorar comidas",
              "timedOut": null,
              "duration": 90,
              "state": "passed",
              "speed": "slow",
              "pass": true,
              "fail": false,
              "pending": false,
              "context": null,
              "code": "cy.visit('http://localhost:3000/explorar/comidas');\nhasFooter();",
              "err": {},
              "uuid": "aad8563d-cfe9-4230-97b5-51b51b7a14e8",
              "parentUUID": "75093b40-3983-47e8-8f29-46ab5d665d48",
              "isHook": false,
              "skipped": false
            },
            {
              "title": "Tem footer na tela de explorar bebidas",
              "fullTitle": "21 - Exiba o menu inferior apenas nas telas indicadas pelo protótipo Tem footer na tela de explorar bebidas",
              "timedOut": null,
              "duration": 100,
              "state": "passed",
              "speed": "slow",
              "pass": true,
              "fail": false,
              "pending": false,
              "context": null,
              "code": "cy.visit('http://localhost:3000/explorar/bebidas');\nhasFooter();",
              "err": {},
              "uuid": "c50415ab-8066-4857-8701-fa2053ef9fa0",
              "parentUUID": "75093b40-3983-47e8-8f29-46ab5d665d48",
              "isHook": false,
              "skipped": false
            },
            {
              "title": "Tem footer na tela de explorar comidas por ingrediente",
              "fullTitle": "21 - Exiba o menu inferior apenas nas telas indicadas pelo protótipo Tem footer na tela de explorar comidas por ingrediente",
              "timedOut": null,
              "duration": 134,
              "state": "passed",
              "speed": "slow",
              "pass": true,
              "fail": false,
              "pending": false,
              "context": null,
              "code": "cy.visit('http://localhost:3000/explorar/comidas/ingredientes');\nhasFooter();",
              "err": {},
              "uuid": "5123133c-75ee-4fd6-8aa1-980874d1b1ed",
              "parentUUID": "75093b40-3983-47e8-8f29-46ab5d665d48",
              "isHook": false,
              "skipped": false
            },
            {
              "title": "Tem footer na tela de explorar bebidas por ingrediente",
              "fullTitle": "21 - Exiba o menu inferior apenas nas telas indicadas pelo protótipo Tem footer na tela de explorar bebidas por ingrediente",
              "timedOut": null,
              "duration": 102,
              "state": "passed",
              "speed": "slow",
              "pass": true,
              "fail": false,
              "pending": false,
              "context": null,
              "code": "cy.visit('http://localhost:3000/explorar/bebidas/ingredientes');\nhasFooter();",
              "err": {},
              "uuid": "02168410-4517-4e41-98ca-67dae6033acf",
              "parentUUID": "75093b40-3983-47e8-8f29-46ab5d665d48",
              "isHook": false,
              "skipped": false
            },
            {
              "title": "Tem footer na tela de explorar comidas por local de origem",
              "fullTitle": "21 - Exiba o menu inferior apenas nas telas indicadas pelo protótipo Tem footer na tela de explorar comidas por local de origem",
              "timedOut": null,
              "duration": 535,
              "state": "passed",
              "speed": "slow",
              "pass": true,
              "fail": false,
              "pending": false,
              "context": null,
              "code": "cy.visit('http://localhost:3000/explorar/comidas/area');\nhasFooter();",
              "err": {},
              "uuid": "a1774a47-920d-4c33-8152-a8722d87d685",
              "parentUUID": "75093b40-3983-47e8-8f29-46ab5d665d48",
              "isHook": false,
              "skipped": false
            },
            {
              "title": "Tem footer na tela de perfil",
              "fullTitle": "21 - Exiba o menu inferior apenas nas telas indicadas pelo protótipo Tem footer na tela de perfil",
              "timedOut": null,
              "duration": 93,
              "state": "passed",
              "speed": "slow",
              "pass": true,
              "fail": false,
              "pending": false,
              "context": null,
              "code": "cy.visit('http://localhost:3000/perfil');\nhasFooter();",
              "err": {},
              "uuid": "9196a812-5fb3-4ab9-bd91-51f1f1406998",
              "parentUUID": "75093b40-3983-47e8-8f29-46ab5d665d48",
              "isHook": false,
              "skipped": false
            },
            {
              "title": "Não tem footer na tela de receitas feitas",
              "fullTitle": "21 - Exiba o menu inferior apenas nas telas indicadas pelo protótipo Não tem footer na tela de receitas feitas",
              "timedOut": null,
              "duration": 105,
              "state": "passed",
              "speed": "slow",
              "pass": true,
              "fail": false,
              "pending": false,
              "context": null,
              "code": "cy.visit('http://localhost:3000/receitas-feitas');\nhasNoFooter();",
              "err": {},
              "uuid": "805bd01e-298f-4b70-9ff2-e2cfef1b2fce",
              "parentUUID": "75093b40-3983-47e8-8f29-46ab5d665d48",
              "isHook": false,
              "skipped": false
            },
            {
              "title": "Não tem footer na tela de receitas favoritas",
              "fullTitle": "21 - Exiba o menu inferior apenas nas telas indicadas pelo protótipo Não tem footer na tela de receitas favoritas",
              "timedOut": null,
              "duration": 77,
              "state": "passed",
              "speed": "slow",
              "pass": true,
              "fail": false,
              "pending": false,
              "context": null,
              "code": "cy.visit('http://localhost:3000/receitas-favoritas');\nhasNoFooter();",
              "err": {},
              "uuid": "436856dc-a194-49f8-8f8f-d84dbeac3f95",
              "parentUUID": "75093b40-3983-47e8-8f29-46ab5d665d48",
              "isHook": false,
              "skipped": false
            }
          ],
          "suites": [],
          "passes": [
            "b5c6b07c-ca36-42cd-b5c4-e620e34f1dbb",
            "e534c95b-ec8d-44cd-91a1-e44db04302d7",
            "1212c514-849a-4fee-b8b3-74981a4b3382",
            "8cb3f711-cd26-4007-a7a0-d8afcc5a34d5",
            "cf946ef1-5c7d-4430-a589-a1340837927d",
            "62fc101d-ddc6-4571-aa79-6f4f16d26675",
            "3ceceb8b-a342-4148-945c-566633576462",
            "c530a460-0108-4d80-8ab5-c8caa8c51fb3",
            "aad8563d-cfe9-4230-97b5-51b51b7a14e8",
            "c50415ab-8066-4857-8701-fa2053ef9fa0",
            "5123133c-75ee-4fd6-8aa1-980874d1b1ed",
            "02168410-4517-4e41-98ca-67dae6033acf",
            "a1774a47-920d-4c33-8152-a8722d87d685",
            "9196a812-5fb3-4ab9-bd91-51f1f1406998",
            "805bd01e-298f-4b70-9ff2-e2cfef1b2fce",
            "436856dc-a194-49f8-8f8f-d84dbeac3f95"
          ],
          "failures": [],
          "pending": [],
          "skipped": [],
          "duration": 2039,
          "root": false,
          "rootEmpty": false,
          "_timeout": 2000
        },
        {
          "uuid": "aedff824-f6d2-439d-9605-b6e115f5241e",
          "title": "22 - Redirecione a pessoa usuária para uma lista de cocktails ao clicar no ícone de bebidas",
          "fullFile": "",
          "file": "",
          "beforeHooks": [],
          "afterHooks": [],
          "tests": [
            {
              "title": "Redireciona para a rota correta",
              "fullTitle": "22 - Redirecione a pessoa usuária para uma lista de cocktails ao clicar no ícone de bebidas Redireciona para a rota correta",
              "timedOut": null,
              "duration": 201,
              "state": "passed",
              "speed": "slow",
              "pass": true,
              "fail": false,
              "pending": false,
              "context": null,
              "code": "cy.visit('http://localhost:3000/comidas');\ncy.get('[data-testid=\"drinks-bottom-btn\"]').click();\ncy.location().should(function (loc) {\n  return expect(loc.pathname).to.eq('/bebidas');\n});",
              "err": {},
              "uuid": "6199f0e4-2a38-4c2b-8e67-83e4d4a66325",
              "parentUUID": "aedff824-f6d2-439d-9605-b6e115f5241e",
              "isHook": false,
              "skipped": false
            }
          ],
          "suites": [],
          "passes": [
            "6199f0e4-2a38-4c2b-8e67-83e4d4a66325"
          ],
          "failures": [],
          "pending": [],
          "skipped": [],
          "duration": 201,
          "root": false,
          "rootEmpty": false,
          "_timeout": 2000
        },
        {
          "uuid": "b76b2b85-0069-4233-84ef-c6e582b1599a",
          "title": "23 - Redirecione a pessoa usuária para a tela de explorar ao clicar no ícone de exploração",
          "fullFile": "",
          "file": "",
          "beforeHooks": [],
          "afterHooks": [],
          "tests": [
            {
              "title": "Redireciona para a rota correta",
              "fullTitle": "23 - Redirecione a pessoa usuária para a tela de explorar ao clicar no ícone de exploração Redireciona para a rota correta",
              "timedOut": null,
              "duration": 192,
              "state": "passed",
              "speed": "slow",
              "pass": true,
              "fail": false,
              "pending": false,
              "context": null,
              "code": "cy.visit('http://localhost:3000/comidas');\ncy.get('[data-testid=\"explore-bottom-btn\"]').click();\ncy.location().should(function (loc) {\n  return expect(loc.pathname).to.eq('/explorar');\n});",
              "err": {},
              "uuid": "f4c145ad-a211-4bee-ad3c-56a18575ec40",
              "parentUUID": "b76b2b85-0069-4233-84ef-c6e582b1599a",
              "isHook": false,
              "skipped": false
            }
          ],
          "suites": [],
          "passes": [
            "f4c145ad-a211-4bee-ad3c-56a18575ec40"
          ],
          "failures": [],
          "pending": [],
          "skipped": [],
          "duration": 192,
          "root": false,
          "rootEmpty": false,
          "_timeout": 2000
        },
        {
          "uuid": "3ef9581c-ffb0-4bff-b362-1aa897d53ddb",
          "title": "24 - Redirecione a pessoa usuárua para uma lista de comidas ao clicar no ícone de comidas",
          "fullFile": "",
          "file": "",
          "beforeHooks": [],
          "afterHooks": [],
          "tests": [
            {
              "title": "Redireciona para a rota correta",
              "fullTitle": "24 - Redirecione a pessoa usuárua para uma lista de comidas ao clicar no ícone de comidas Redireciona para a rota correta",
              "timedOut": null,
              "duration": 190,
              "state": "passed",
              "speed": "slow",
              "pass": true,
              "fail": false,
              "pending": false,
              "context": null,
              "code": "cy.visit('http://localhost:3000/bebidas');\ncy.get('[data-testid=\"food-bottom-btn\"]').click();\ncy.location().should(function (loc) {\n  return expect(loc.pathname).to.eq('/comidas');\n});",
              "err": {},
              "uuid": "73fd7216-9340-4378-95a8-0c343017cd02",
              "parentUUID": "3ef9581c-ffb0-4bff-b362-1aa897d53ddb",
              "isHook": false,
              "skipped": false
            }
          ],
          "suites": [],
          "passes": [
            "73fd7216-9340-4378-95a8-0c343017cd02"
          ],
          "failures": [],
          "pending": [],
          "skipped": [],
          "duration": 190,
          "root": false,
          "rootEmpty": false,
          "_timeout": 2000
        }
      ],
      "passes": [],
      "failures": [],
      "pending": [],
      "skipped": [],
      "duration": 0,
      "root": true,
      "rootEmpty": true,
      "_timeout": 2000
    }
  ],
  "meta": {
    "mocha": {
      "version": "8.2.1"
    },
    "mochawesome": {
      "options": {
        "quiet": false,
        "reportFilename": "mochawesome",
        "saveHtml": false,
        "saveJson": true,
        "consoleReporter": "spec",
        "useInlineDiffs": false,
        "code": true
      },
      "version": "6.2.1"
    },
    "marge": {
      "options": {
        "id": "default",
        "reportDir": "cypress/reports",
        "overwrite": false,
        "html": false,
        "json": true
      },
      "version": "5.1.0"
    }
  }
}