{
  "stats": {
    "suites": 7,
    "tests": 7,
    "passes": 7,
    "pending": 0,
    "failures": 0,
    "start": "2021-04-30T17:10:03.642Z",
    "end": "2021-04-30T17:10:05.735Z",
    "duration": 2093,
    "testsRegistered": 7,
    "passPercent": 100,
    "pendingPercent": 0,
    "other": 0,
    "hasOther": false,
    "skipped": 0,
    "hasSkipped": false
  },
  "results": [
    {
      "uuid": "31608c40-6060-4647-8de9-3119b7ea53e7",
      "title": "",
      "fullFile": "cypress/integration/profile_spec.js",
      "file": "cypress/integration/profile_spec.js",
      "beforeHooks": [],
      "afterHooks": [],
      "tests": [],
      "suites": [
        {
          "uuid": "ad6481a4-5dd2-45a7-bee9-7b3ab406fd1f",
          "title": "Profile screen",
          "fullFile": "",
          "file": "",
          "beforeHooks": [],
          "afterHooks": [],
          "tests": [],
          "suites": [
            {
              "uuid": "2103c772-725d-43f5-9323-cd0b9caf954a",
              "title": "82 - Implemente os elementos da a tela de perfil respeitando os atributos descritos no protótipo",
              "fullFile": "",
              "file": "",
              "beforeHooks": [],
              "afterHooks": [],
              "tests": [
                {
                  "title": "Todos o data-testid do email e de todos os botões",
                  "fullTitle": "Profile screen 82 - Implemente os elementos da a tela de perfil respeitando os atributos descritos no protótipo Todos o data-testid do email e de todos os botões",
                  "timedOut": null,
                  "duration": 349,
                  "state": "passed",
                  "speed": "slow",
                  "pass": true,
                  "fail": false,
                  "pending": false,
                  "context": null,
                  "code": "cy.get('[data-testid=\"profile-email\"]');\ncy.get('[data-testid=\"profile-done-btn\"]');\ncy.get('[data-testid=\"profile-favorite-btn\"]');\ncy.get('[data-testid=\"profile-logout-btn\"]');",
                  "err": {},
                  "uuid": "38c81827-08a9-4758-b68f-c4c997902925",
                  "parentUUID": "2103c772-725d-43f5-9323-cd0b9caf954a",
                  "isHook": false,
                  "skipped": false
                }
              ],
              "suites": [],
              "passes": [
                "38c81827-08a9-4758-b68f-c4c997902925"
              ],
              "failures": [],
              "pending": [],
              "skipped": [],
              "duration": 349,
              "root": false,
              "rootEmpty": false,
              "_timeout": 2000
            },
            {
              "uuid": "2c06e254-ebf2-48c7-aee8-744d2bb34863",
              "title": "83 - Implemente a solução de maneira que o e-mail da pessoa usuária deve estar visível",
              "fullFile": "",
              "file": "",
              "beforeHooks": [],
              "afterHooks": [],
              "tests": [
                {
                  "title": "O e-mail armazenado em localStorage está visível",
                  "fullTitle": "Profile screen 83 - Implemente a solução de maneira que o e-mail da pessoa usuária deve estar visível O e-mail armazenado em localStorage está visível",
                  "timedOut": null,
                  "duration": 91,
                  "state": "passed",
                  "speed": "slow",
                  "pass": true,
                  "fail": false,
                  "pending": false,
                  "context": null,
                  "code": "cy.get('[data-testid=\"profile-email\"]').contains('email@mail.com');",
                  "err": {},
                  "uuid": "b13132ad-f86b-4007-b56c-5eb97f197f04",
                  "parentUUID": "2c06e254-ebf2-48c7-aee8-744d2bb34863",
                  "isHook": false,
                  "skipped": false
                }
              ],
              "suites": [],
              "passes": [
                "b13132ad-f86b-4007-b56c-5eb97f197f04"
              ],
              "failures": [],
              "pending": [],
              "skipped": [],
              "duration": 91,
              "root": false,
              "rootEmpty": false,
              "_timeout": 2000
            },
            {
              "uuid": "c669bf9b-a6e9-455f-bc53-b5cb9e5cf44f",
              "title": "84 - Implemente 3 botões: um de nome \"Receitas Feitas\", um de nome \"Receitas Favoritas\" e um de nome \"Sair\"",
              "fullFile": "",
              "file": "",
              "beforeHooks": [],
              "afterHooks": [],
              "tests": [
                {
                  "title": "A tela contêm todos os 3 botões",
                  "fullTitle": "Profile screen 84 - Implemente 3 botões: um de nome \"Receitas Feitas\", um de nome \"Receitas Favoritas\" e um de nome \"Sair\" A tela contêm todos os 3 botões",
                  "timedOut": null,
                  "duration": 106,
                  "state": "passed",
                  "speed": "slow",
                  "pass": true,
                  "fail": false,
                  "pending": false,
                  "context": null,
                  "code": "cy.get('[data-testid=\"profile-done-btn\"]').contains('Receitas Feitas');\ncy.get('[data-testid=\"profile-favorite-btn\"]').contains('Receitas Favoritas');\ncy.get('[data-testid=\"profile-logout-btn\"]').contains('Sair');",
                  "err": {},
                  "uuid": "0206e23c-ed95-4ec4-b983-b5ab4472add5",
                  "parentUUID": "c669bf9b-a6e9-455f-bc53-b5cb9e5cf44f",
                  "isHook": false,
                  "skipped": false
                }
              ],
              "suites": [],
              "passes": [
                "0206e23c-ed95-4ec4-b983-b5ab4472add5"
              ],
              "failures": [],
              "pending": [],
              "skipped": [],
              "duration": 106,
              "root": false,
              "rootEmpty": false,
              "_timeout": 2000
            },
            {
              "uuid": "5c1cf90c-0471-456b-881d-79b669c2931a",
              "title": "85 - Redirecione a pessoa usuária que, ao clicar no botão de \"Receitas Favoritas\", a rota deve mudar para a tela de receitas favoritas",
              "fullFile": "",
              "file": "",
              "beforeHooks": [],
              "afterHooks": [],
              "tests": [
                {
                  "title": "Redireciona para a rota correta",
                  "fullTitle": "Profile screen 85 - Redirecione a pessoa usuária que, ao clicar no botão de \"Receitas Favoritas\", a rota deve mudar para a tela de receitas favoritas Redireciona para a rota correta",
                  "timedOut": null,
                  "duration": 185,
                  "state": "passed",
                  "speed": "slow",
                  "pass": true,
                  "fail": false,
                  "pending": false,
                  "context": null,
                  "code": "cy.get('[data-testid=\"profile-done-btn\"]').click();\ncy.location().should(function (loc) {\n  return expect(loc.pathname).to.eq('/receitas-feitas');\n});",
                  "err": {},
                  "uuid": "1ee05528-ff0a-4456-a7ec-7503bef35dd9",
                  "parentUUID": "5c1cf90c-0471-456b-881d-79b669c2931a",
                  "isHook": false,
                  "skipped": false
                }
              ],
              "suites": [],
              "passes": [
                "1ee05528-ff0a-4456-a7ec-7503bef35dd9"
              ],
              "failures": [],
              "pending": [],
              "skipped": [],
              "duration": 185,
              "root": false,
              "rootEmpty": false,
              "_timeout": 2000
            },
            {
              "uuid": "fd0ea410-1347-464c-aff0-b395be6629d1",
              "title": "86 - Redirecione a pessoa usuária que, ao clicar no botão de \"Receitas Feitas\", a rota deve mudar para a tela de receitas feitas",
              "fullFile": "",
              "file": "",
              "beforeHooks": [],
              "afterHooks": [],
              "tests": [
                {
                  "title": "Redireciona para a rota correta",
                  "fullTitle": "Profile screen 86 - Redirecione a pessoa usuária que, ao clicar no botão de \"Receitas Feitas\", a rota deve mudar para a tela de receitas feitas Redireciona para a rota correta",
                  "timedOut": null,
                  "duration": 211,
                  "state": "passed",
                  "speed": "slow",
                  "pass": true,
                  "fail": false,
                  "pending": false,
                  "context": null,
                  "code": "cy.get('[data-testid=\"profile-favorite-btn\"]').click();\ncy.location().should(function (loc) {\n  return expect(loc.pathname).to.eq('/receitas-favoritas');\n});",
                  "err": {},
                  "uuid": "34ea317a-fbee-4244-bf32-b5c537f19b69",
                  "parentUUID": "fd0ea410-1347-464c-aff0-b395be6629d1",
                  "isHook": false,
                  "skipped": false
                }
              ],
              "suites": [],
              "passes": [
                "34ea317a-fbee-4244-bf32-b5c537f19b69"
              ],
              "failures": [],
              "pending": [],
              "skipped": [],
              "duration": 211,
              "root": false,
              "rootEmpty": false,
              "_timeout": 2000
            },
            {
              "uuid": "2087c233-50e3-462a-89b2-09b8162ea73d",
              "title": "87 - Redirecione a pessoa usuária que, ao clicar no botão de \"Sair\", o `localStorage` deve ser limpo e a rota deve mudar para a tela de login",
              "fullFile": "",
              "file": "",
              "beforeHooks": [],
              "afterHooks": [],
              "tests": [
                {
                  "title": "Limpa todas as chaves da localStorage",
                  "fullTitle": "Profile screen 87 - Redirecione a pessoa usuária que, ao clicar no botão de \"Sair\", o `localStorage` deve ser limpo e a rota deve mudar para a tela de login Limpa todas as chaves da localStorage",
                  "timedOut": null,
                  "duration": 189,
                  "state": "passed",
                  "speed": "slow",
                  "pass": true,
                  "fail": false,
                  "pending": false,
                  "context": null,
                  "code": "cy.window().then(function (win) {\n  expect(win.localStorage.getItem('user')).to.eq('{ \"email\": \"email@mail.com\" }');\n  expect(win.localStorage.getItem('mealsToken')).to.eq('1');\n  expect(win.localStorage.getItem('cocktailsToken')).to.eq('1');\n  expect(win.localStorage.getItem('doneRecipes')).to.eq('[]');\n  expect(win.localStorage.getItem('favoriteRecipes')).to.eq('[]');\n  expect(win.localStorage.getItem('inProgressRecipes')).to.eq('{}');\n});\ncy.get('[data-testid=\"profile-logout-btn\"]').click();\ncy.window().then(function (win) {\n  expect(win.localStorage.getItem('email')).to.be.null;\n  expect(win.localStorage.getItem('mealsToken')).to.be.null;\n  expect(win.localStorage.getItem('cocktailsToken')).to.be.null;\n  expect(win.localStorage.getItem('doneRecipes')).to.be.null;\n  expect(win.localStorage.getItem('favoriteRecipes')).to.be.null;\n  expect(win.localStorage.getItem('inProgressRecipes')).to.be.null;\n});",
                  "err": {},
                  "uuid": "50214551-6a4d-426a-aa89-37a3e23b69ef",
                  "parentUUID": "2087c233-50e3-462a-89b2-09b8162ea73d",
                  "isHook": false,
                  "skipped": false
                },
                {
                  "title": "A rota muda para a tela de login",
                  "fullTitle": "Profile screen 87 - Redirecione a pessoa usuária que, ao clicar no botão de \"Sair\", o `localStorage` deve ser limpo e a rota deve mudar para a tela de login A rota muda para a tela de login",
                  "timedOut": null,
                  "duration": 203,
                  "state": "passed",
                  "speed": "slow",
                  "pass": true,
                  "fail": false,
                  "pending": false,
                  "context": null,
                  "code": "cy.get('[data-testid=\"profile-logout-btn\"]').click();\ncy.location().should(function (loc) {\n  return expect(loc.pathname).to.eq('/');\n});",
                  "err": {},
                  "uuid": "257d6897-6d40-43b2-b3ff-6fd1f08a531f",
                  "parentUUID": "2087c233-50e3-462a-89b2-09b8162ea73d",
                  "isHook": false,
                  "skipped": false
                }
              ],
              "suites": [],
              "passes": [
                "50214551-6a4d-426a-aa89-37a3e23b69ef",
                "257d6897-6d40-43b2-b3ff-6fd1f08a531f"
              ],
              "failures": [],
              "pending": [],
              "skipped": [],
              "duration": 392,
              "root": false,
              "rootEmpty": false,
              "_timeout": 2000
            }
          ],
          "passes": [],
          "failures": [],
          "pending": [],
          "skipped": [],
          "duration": 0,
          "root": false,
          "rootEmpty": false,
          "_timeout": 2000
        }
      ],
      "passes": [],
      "failures": [],
      "pending": [],
      "skipped": [],
      "duration": 0,
      "root": true,
      "rootEmpty": true,
      "_timeout": 2000
    }
  ],
  "meta": {
    "mocha": {
      "version": "8.2.1"
    },
    "mochawesome": {
      "options": {
        "quiet": false,
        "reportFilename": "mochawesome",
        "saveHtml": false,
        "saveJson": true,
        "consoleReporter": "spec",
        "useInlineDiffs": false,
        "code": true
      },
      "version": "6.2.1"
    },
    "marge": {
      "options": {
        "id": "default",
        "reportDir": "cypress/reports",
        "overwrite": false,
        "html": false,
        "json": true
      },
      "version": "5.1.0"
    }
  }
}