{
  "stats": {
    "suites": 7,
    "tests": 28,
    "passes": 28,
    "pending": 0,
    "failures": 0,
    "start": "2021-04-30T17:11:57.986Z",
    "end": "2021-04-30T17:12:07.340Z",
    "duration": 9354,
    "testsRegistered": 28,
    "passPercent": 100,
    "pendingPercent": 0,
    "other": 0,
    "hasOther": false,
    "skipped": 0,
    "hasSkipped": false
  },
  "results": [
    {
      "uuid": "0468b6d9-2f00-400c-85e8-94e03f26da18",
      "title": "",
      "fullFile": "cypress/integration/recipe_in_progress_spec.js",
      "file": "cypress/integration/recipe_in_progress_spec.js",
      "beforeHooks": [],
      "afterHooks": [],
      "tests": [],
      "suites": [
        {
          "uuid": "27d0aad8-8f32-46c4-87cf-f7ee35838ce7",
          "title": "47 - Desenvolva a tela de maneira que contenha uma imagem da receita, seu titulo, sua categoria (ou se a bebida é alcoólica ou não) uma lista de ingredientes com suas respectivas quantidade e suas instruções",
          "fullFile": "",
          "file": "",
          "beforeHooks": [],
          "afterHooks": [],
          "tests": [
            {
              "title": "verifica elementos de uma receita de comida",
              "fullTitle": "47 - Desenvolva a tela de maneira que contenha uma imagem da receita, seu titulo, sua categoria (ou se a bebida é alcoólica ou não) uma lista de ingredientes com suas respectivas quantidade e suas instruções verifica elementos de uma receita de comida",
              "timedOut": null,
              "duration": 387,
              "state": "passed",
              "speed": "slow",
              "pass": true,
              "fail": false,
              "pending": false,
              "context": null,
              "code": "cy.visit('http://localhost:3000/comidas/52771/in-progress', {\n  onBeforeLoad: function onBeforeLoad(win) {\n    win.fetch = fetchMock;\n  }\n});\ncy.get('[data-testid=\"recipe-photo\"]');\ncy.get('[data-testid=\"recipe-title\"]');\ncy.get('[data-testid=\"share-btn\"]');\ncy.get('[data-testid=\"favorite-btn\"]');\ncy.get('[data-testid=\"recipe-category\"]');\ncy.get('[data-testid*=\"ingredient-step\"]').should('have.length', 8);\ncy.get('[data-testid=\"instructions\"]');\ncy.get('[data-testid=\"finish-recipe-btn\"]');",
              "err": {},
              "uuid": "ac4712af-b5dc-40fe-a210-6f4a3e628728",
              "parentUUID": "27d0aad8-8f32-46c4-87cf-f7ee35838ce7",
              "isHook": false,
              "skipped": false
            },
            {
              "title": "verifica elementos de uma receita de bebida",
              "fullTitle": "47 - Desenvolva a tela de maneira que contenha uma imagem da receita, seu titulo, sua categoria (ou se a bebida é alcoólica ou não) uma lista de ingredientes com suas respectivas quantidade e suas instruções verifica elementos de uma receita de bebida",
              "timedOut": null,
              "duration": 128,
              "state": "passed",
              "speed": "slow",
              "pass": true,
              "fail": false,
              "pending": false,
              "context": null,
              "code": "cy.visit('http://localhost:3000/bebidas/178319/in-progress', {\n  onBeforeLoad: function onBeforeLoad(win) {\n    win.fetch = fetchMock;\n  }\n});\ncy.get('[data-testid=\"recipe-photo\"]');\ncy.get('[data-testid=\"recipe-title\"]');\ncy.get('[data-testid=\"share-btn\"]');\ncy.get('[data-testid=\"favorite-btn\"]');\ncy.get('[data-testid=\"recipe-category\"]');\ncy.get('[data-testid*=\"ingredient-step\"]').should('have.length', 3);\ncy.get('[data-testid=\"instructions\"]');\ncy.get('[data-testid=\"finish-recipe-btn\"]');",
              "err": {},
              "uuid": "70b9d061-939a-44d8-a64a-ad86d345a66a",
              "parentUUID": "27d0aad8-8f32-46c4-87cf-f7ee35838ce7",
              "isHook": false,
              "skipped": false
            }
          ],
          "suites": [],
          "passes": [
            "ac4712af-b5dc-40fe-a210-6f4a3e628728",
            "70b9d061-939a-44d8-a64a-ad86d345a66a"
          ],
          "failures": [],
          "pending": [],
          "skipped": [],
          "duration": 515,
          "root": false,
          "rootEmpty": false,
          "_timeout": 2000
        },
        {
          "uuid": "d0a58d2a-c4d7-4153-be70-758ca3dc1319",
          "title": "48 - Desenvolva um checkbox para cada item da lista de ingredientes",
          "fullFile": "",
          "file": "",
          "beforeHooks": [],
          "afterHooks": [],
          "tests": [
            {
              "title": "todos os ingredientes de uma receita de comida possuem um checkbox",
              "fullTitle": "48 - Desenvolva um checkbox para cada item da lista de ingredientes todos os ingredientes de uma receita de comida possuem um checkbox",
              "timedOut": null,
              "duration": 155,
              "state": "passed",
              "speed": "slow",
              "pass": true,
              "fail": false,
              "pending": false,
              "context": null,
              "code": "cy.visit('http://localhost:3000/comidas/52771/in-progress', {\n  onBeforeLoad: function onBeforeLoad(win) {\n    win.fetch = fetchMock;\n  }\n});\ncy.get('[data-testid*=\"ingredient-step\"]').find('input[type=\"checkbox\"]').should('have.length', 8);",
              "err": {},
              "uuid": "8faf1288-30cf-4bc6-9646-4c268da55d36",
              "parentUUID": "d0a58d2a-c4d7-4153-be70-758ca3dc1319",
              "isHook": false,
              "skipped": false
            },
            {
              "title": "todos os ingredientes de uma receita de bebida possuem um checkbox",
              "fullTitle": "48 - Desenvolva um checkbox para cada item da lista de ingredientes todos os ingredientes de uma receita de bebida possuem um checkbox",
              "timedOut": null,
              "duration": 100,
              "state": "passed",
              "speed": "slow",
              "pass": true,
              "fail": false,
              "pending": false,
              "context": null,
              "code": "cy.visit('http://localhost:3000/bebidas/178319/in-progress', {\n  onBeforeLoad: function onBeforeLoad(win) {\n    win.fetch = fetchMock;\n  }\n});\ncy.get('[data-testid*=\"ingredient-step\"]').find('input[type=\"checkbox\"]').should('have.length', 3);",
              "err": {},
              "uuid": "6b62bbb4-a01e-4e32-954d-cda26ae641f8",
              "parentUUID": "d0a58d2a-c4d7-4153-be70-758ca3dc1319",
              "isHook": false,
              "skipped": false
            }
          ],
          "suites": [],
          "passes": [
            "8faf1288-30cf-4bc6-9646-4c268da55d36",
            "6b62bbb4-a01e-4e32-954d-cda26ae641f8"
          ],
          "failures": [],
          "pending": [],
          "skipped": [],
          "duration": 255,
          "root": false,
          "rootEmpty": false,
          "_timeout": 2000
        },
        {
          "uuid": "8d404611-48eb-477a-8825-b36881ed340d",
          "title": "49 - Implemente uma lógica que, ao clicar no checkbox de um ingrediente, o nome dele deve ser \"riscado\" da lista",
          "fullFile": "",
          "file": "",
          "beforeHooks": [],
          "afterHooks": [],
          "tests": [
            {
              "title": "verifica se é possível marcar todos os passos da receita de comida",
              "fullTitle": "49 - Implemente uma lógica que, ao clicar no checkbox de um ingrediente, o nome dele deve ser \"riscado\" da lista verifica se é possível marcar todos os passos da receita de comida",
              "timedOut": null,
              "duration": 771,
              "state": "passed",
              "speed": "slow",
              "pass": true,
              "fail": false,
              "pending": false,
              "context": null,
              "code": "cy.visit('http://localhost:3000/comidas/52771/in-progress', {\n  onBeforeLoad: function onBeforeLoad(win) {\n    win.fetch = fetchMock;\n  }\n});\ngetIngredients().check();\ngetIngredients().should('have.css', 'text-decoration', 'none solid rgb(0, 0, 0)');",
              "err": {},
              "uuid": "ee009df0-279f-4841-8d56-9c2f1edbf8b7",
              "parentUUID": "8d404611-48eb-477a-8825-b36881ed340d",
              "isHook": false,
              "skipped": false
            },
            {
              "title": "verifica se é possível marcar todos os passos da receita de bebida",
              "fullTitle": "49 - Implemente uma lógica que, ao clicar no checkbox de um ingrediente, o nome dele deve ser \"riscado\" da lista verifica se é possível marcar todos os passos da receita de bebida",
              "timedOut": null,
              "duration": 345,
              "state": "passed",
              "speed": "slow",
              "pass": true,
              "fail": false,
              "pending": false,
              "context": null,
              "code": "cy.visit('http://localhost:3000/bebidas/178319/in-progress', {\n  onBeforeLoad: function onBeforeLoad(win) {\n    win.fetch = fetchMock;\n  }\n});\ngetIngredients().check();\ngetIngredients().should('have.css', 'text-decoration', 'none solid rgb(0, 0, 0)');",
              "err": {},
              "uuid": "fab8e12f-43c4-477d-a0f8-f516a4dc790a",
              "parentUUID": "8d404611-48eb-477a-8825-b36881ed340d",
              "isHook": false,
              "skipped": false
            }
          ],
          "suites": [],
          "passes": [
            "ee009df0-279f-4841-8d56-9c2f1edbf8b7",
            "fab8e12f-43c4-477d-a0f8-f516a4dc790a"
          ],
          "failures": [],
          "pending": [],
          "skipped": [],
          "duration": 1116,
          "root": false,
          "rootEmpty": false,
          "_timeout": 2000
        },
        {
          "uuid": "bd2223ad-6052-431f-a941-4eb10e2c91fa",
          "title": "50 - Salve o estado do progresso, que deve ser mantido caso a pessoa atualize a página ou volte para a mesma receita",
          "fullFile": "",
          "file": "",
          "beforeHooks": [],
          "afterHooks": [],
          "tests": [
            {
              "title": "salva o progresso de uma receita de comida em andamento",
              "fullTitle": "50 - Salve o estado do progresso, que deve ser mantido caso a pessoa atualize a página ou volte para a mesma receita salva o progresso de uma receita de comida em andamento",
              "timedOut": null,
              "duration": 507,
              "state": "passed",
              "speed": "slow",
              "pass": true,
              "fail": false,
              "pending": false,
              "context": null,
              "code": "cy.visit('http://localhost:3000/comidas/52771/in-progress', {\n  onBeforeLoad: function onBeforeLoad(win) {\n    win.fetch = fetchMock;\n  }\n});\ncy.get('[data-testid=\"0-ingredient-step\"]').find('input[type=\"checkbox\"]').check();\ncy.reload();\ncy.get('[data-testid=\"0-ingredient-step\"]').find('input[type=\"checkbox\"]').should('have.attr', 'checked');",
              "err": {},
              "uuid": "9d995ed5-55ea-4f4f-b95b-c97382aab5e8",
              "parentUUID": "bd2223ad-6052-431f-a941-4eb10e2c91fa",
              "isHook": false,
              "skipped": false
            },
            {
              "title": "salva o progresso de uma receita de bebida em andamento",
              "fullTitle": "50 - Salve o estado do progresso, que deve ser mantido caso a pessoa atualize a página ou volte para a mesma receita salva o progresso de uma receita de bebida em andamento",
              "timedOut": null,
              "duration": 757,
              "state": "passed",
              "speed": "slow",
              "pass": true,
              "fail": false,
              "pending": false,
              "context": null,
              "code": "cy.visit('http://localhost:3000/bebidas/178319/in-progress', {\n  onBeforeLoad: function onBeforeLoad(win) {\n    win.fetch = fetchMock;\n  }\n});\ncy.get('[data-testid=\"0-ingredient-step\"]').find('input[type=\"checkbox\"]').check();\ncy.reload();\ncy.get('[data-testid=\"0-ingredient-step\"]').find('input[type=\"checkbox\"]').should('have.attr', 'checked');",
              "err": {},
              "uuid": "e675d021-1d35-4aab-a628-35f557e4d551",
              "parentUUID": "bd2223ad-6052-431f-a941-4eb10e2c91fa",
              "isHook": false,
              "skipped": false
            }
          ],
          "suites": [],
          "passes": [
            "9d995ed5-55ea-4f4f-b95b-c97382aab5e8",
            "e675d021-1d35-4aab-a628-35f557e4d551"
          ],
          "failures": [],
          "pending": [],
          "skipped": [],
          "duration": 1264,
          "root": false,
          "rootEmpty": false,
          "_timeout": 2000
        },
        {
          "uuid": "7a7fe942-8ccf-4e43-85c2-a54f3a6e4b02",
          "title": "51 - Desenvolva a lógica de favoritar e compartilhar, a lógica da tela de detalhes de uma receita se aplica aqui",
          "fullFile": "",
          "file": "",
          "beforeHooks": [],
          "afterHooks": [],
          "tests": [
            {
              "title": "verifica se os botões estão disponíveis na tela de detalhes de uma comida",
              "fullTitle": "51 - Desenvolva a lógica de favoritar e compartilhar, a lógica da tela de detalhes de uma receita se aplica aqui verifica se os botões estão disponíveis na tela de detalhes de uma comida",
              "timedOut": null,
              "duration": 101,
              "state": "passed",
              "speed": "slow",
              "pass": true,
              "fail": false,
              "pending": false,
              "context": null,
              "code": "cy.visit('http://localhost:3000/comidas/52771/in-progress', {\n  onBeforeLoad: function onBeforeLoad(win) {\n    win.fetch = fetchMock;\n  }\n});\ncy.get('[data-testid=\"share-btn\"]').should('exist');\ncy.get('[data-testid=\"favorite-btn\"]').should('exist');",
              "err": {},
              "uuid": "6eddb568-8e95-46e9-8ffd-3a1bd3dcfc5c",
              "parentUUID": "7a7fe942-8ccf-4e43-85c2-a54f3a6e4b02",
              "isHook": false,
              "skipped": false
            },
            {
              "title": "verifica se os botões estão disponíveis na tela de detalhes de uma bebida",
              "fullTitle": "51 - Desenvolva a lógica de favoritar e compartilhar, a lógica da tela de detalhes de uma receita se aplica aqui verifica se os botões estão disponíveis na tela de detalhes de uma bebida",
              "timedOut": null,
              "duration": 85,
              "state": "passed",
              "speed": "slow",
              "pass": true,
              "fail": false,
              "pending": false,
              "context": null,
              "code": "cy.visit('http://localhost:3000/bebidas/178319/in-progress', {\n  onBeforeLoad: function onBeforeLoad(win) {\n    win.fetch = fetchMock;\n  }\n});\ncy.get('[data-testid=\"share-btn\"]').should('exist');\ncy.get('[data-testid=\"favorite-btn\"]').should('exist');",
              "err": {},
              "uuid": "b3ab6e9f-0fe6-4d35-928c-ef1763833739",
              "parentUUID": "7a7fe942-8ccf-4e43-85c2-a54f3a6e4b02",
              "isHook": false,
              "skipped": false
            },
            {
              "title": "verifica a mensagem \"Link copiado!\" e se o link da receita da comida foi copiado para o clipboard",
              "fullTitle": "51 - Desenvolva a lógica de favoritar e compartilhar, a lógica da tela de detalhes de uma receita se aplica aqui verifica a mensagem \"Link copiado!\" e se o link da receita da comida foi copiado para o clipboard",
              "timedOut": null,
              "duration": 202,
              "state": "passed",
              "speed": "slow",
              "pass": true,
              "fail": false,
              "pending": false,
              "context": null,
              "code": "cy.visit('http://localhost:3000/comidas/52771/in-progress', {\n  onBeforeLoad: function onBeforeLoad(win) {\n    win.fetch = fetchMock;\n  }\n});\ncy.get('[data-testid=\"share-btn\"]').click();\ncy.contains('Link copiado!');\ncy.window().then(function (win) {\n  cy.wrap(win.navigator.clipboard.readText()).should('eq', 'http://localhost:3000/comidas/52771');\n});",
              "err": {},
              "uuid": "20c639be-c4af-4db6-8171-049886d0c9a7",
              "parentUUID": "7a7fe942-8ccf-4e43-85c2-a54f3a6e4b02",
              "isHook": false,
              "skipped": false
            },
            {
              "title": "verifica a mensagem \"Link copiado!\" e se o link da receita da bebida foi copiado para o clipboard",
              "fullTitle": "51 - Desenvolva a lógica de favoritar e compartilhar, a lógica da tela de detalhes de uma receita se aplica aqui verifica a mensagem \"Link copiado!\" e se o link da receita da bebida foi copiado para o clipboard",
              "timedOut": null,
              "duration": 162,
              "state": "passed",
              "speed": "slow",
              "pass": true,
              "fail": false,
              "pending": false,
              "context": null,
              "code": "cy.visit('http://localhost:3000/bebidas/178319/in-progress', {\n  onBeforeLoad: function onBeforeLoad(win) {\n    win.fetch = fetchMock;\n  }\n});\ncy.get('[data-testid=\"share-btn\"]').click();\ncy.contains('Link copiado!');\ncy.window().then(function (win) {\n  cy.wrap(win.navigator.clipboard.readText()).should('eq', 'http://localhost:3000/bebidas/178319');\n});",
              "err": {},
              "uuid": "c0d441bc-55bc-4ca5-9ad7-5d00cffc3f40",
              "parentUUID": "7a7fe942-8ccf-4e43-85c2-a54f3a6e4b02",
              "isHook": false,
              "skipped": false
            },
            {
              "title": "verifica comida favoritada",
              "fullTitle": "51 - Desenvolva a lógica de favoritar e compartilhar, a lógica da tela de detalhes de uma receita se aplica aqui verifica comida favoritada",
              "timedOut": null,
              "duration": 111,
              "state": "passed",
              "speed": "slow",
              "pass": true,
              "fail": false,
              "pending": false,
              "context": null,
              "code": "cy.visit('http://localhost:3000/comidas/52771/in-progress', {\n  onBeforeLoad: function onBeforeLoad(win) {\n    var favoriteRecipes = [{\n      \"id\": \"52771\",\n      \"type\": \"comida\",\n      \"area\": \"Italian\",\n      \"category\": \"Vegetarian\",\n      \"alcoholicOrNot\": \"\",\n      \"name\": \"Spicy Arrabiata Penne\",\n      \"image\": \"https://www.themealdb.com/images/media/meals/ustsqw1468250014.jpg\"\n    }];\n    localStorage.setItem('favoriteRecipes', JSON.stringify(favoriteRecipes));\n    win.fetch = fetchMock;\n  }\n});\ncy.get('[data-testid=\"favorite-btn\"]').should('have.attr', 'src').should('include', 'blackHeartIcon');",
              "err": {},
              "uuid": "667a7f05-b8b7-4e78-b071-5595c47f76a7",
              "parentUUID": "7a7fe942-8ccf-4e43-85c2-a54f3a6e4b02",
              "isHook": false,
              "skipped": false
            },
            {
              "title": "verifica comida não favoritada",
              "fullTitle": "51 - Desenvolva a lógica de favoritar e compartilhar, a lógica da tela de detalhes de uma receita se aplica aqui verifica comida não favoritada",
              "timedOut": null,
              "duration": 107,
              "state": "passed",
              "speed": "slow",
              "pass": true,
              "fail": false,
              "pending": false,
              "context": null,
              "code": "cy.visit('http://localhost:3000/comidas/52771/in-progress', {\n  onBeforeLoad: function onBeforeLoad(win) {\n    win.fetch = fetchMock;\n  }\n});\ncy.get('[data-testid=\"favorite-btn\"]').should('have.attr', 'src').should('include', 'whiteHeartIcon');",
              "err": {},
              "uuid": "3cf564a9-0fc6-4b8e-ac52-b55a39c4ce5e",
              "parentUUID": "7a7fe942-8ccf-4e43-85c2-a54f3a6e4b02",
              "isHook": false,
              "skipped": false
            },
            {
              "title": "verifica bebida favoritada",
              "fullTitle": "51 - Desenvolva a lógica de favoritar e compartilhar, a lógica da tela de detalhes de uma receita se aplica aqui verifica bebida favoritada",
              "timedOut": null,
              "duration": 138,
              "state": "passed",
              "speed": "slow",
              "pass": true,
              "fail": false,
              "pending": false,
              "context": null,
              "code": "cy.visit('http://localhost:3000/bebidas/178319/in-progress', {\n  onBeforeLoad: function onBeforeLoad(win) {\n    var favoriteRecipes = [{\n      \"id\": \"178319\",\n      \"type\": \"bebida\",\n      \"area\": \"\",\n      \"category\": \"Cocktail\",\n      \"alcoholicOrNot\": \"Alcoholic\",\n      \"name\": \"Aquamarine\",\n      \"image\": \"https://www.thecocktaildb.com/images/media/drink/zvsre31572902738.jpg\"\n    }];\n    localStorage.setItem('favoriteRecipes', JSON.stringify(favoriteRecipes));\n    win.fetch = fetchMock;\n  }\n});\ncy.get('[data-testid=\"favorite-btn\"]').should('have.attr', 'src').should('include', 'blackHeartIcon');",
              "err": {},
              "uuid": "e30f6349-8215-406a-bd1f-20c84bdc6ce8",
              "parentUUID": "7a7fe942-8ccf-4e43-85c2-a54f3a6e4b02",
              "isHook": false,
              "skipped": false
            },
            {
              "title": "verifica bebida não favoritada",
              "fullTitle": "51 - Desenvolva a lógica de favoritar e compartilhar, a lógica da tela de detalhes de uma receita se aplica aqui verifica bebida não favoritada",
              "timedOut": null,
              "duration": 150,
              "state": "passed",
              "speed": "slow",
              "pass": true,
              "fail": false,
              "pending": false,
              "context": null,
              "code": "cy.visit('http://localhost:3000/bebidas/178319/in-progress', {\n  onBeforeLoad: function onBeforeLoad(win) {\n    win.fetch = fetchMock;\n  }\n});\ncy.get('[data-testid=\"favorite-btn\"]').should('have.attr', 'src').should('include', 'whiteHeartIcon');",
              "err": {},
              "uuid": "45c038e2-7e0a-45ff-8d73-665ec69deba8",
              "parentUUID": "7a7fe942-8ccf-4e43-85c2-a54f3a6e4b02",
              "isHook": false,
              "skipped": false
            },
            {
              "title": "favorita comida",
              "fullTitle": "51 - Desenvolva a lógica de favoritar e compartilhar, a lógica da tela de detalhes de uma receita se aplica aqui favorita comida",
              "timedOut": null,
              "duration": 203,
              "state": "passed",
              "speed": "slow",
              "pass": true,
              "fail": false,
              "pending": false,
              "context": null,
              "code": "cy.visit('http://localhost:3000/comidas/52771/in-progress', {\n  onBeforeLoad: function onBeforeLoad(win) {\n    win.fetch = fetchMock;\n  }\n});\ncy.get('[data-testid=\"favorite-btn\"]').should('have.attr', 'src').should('include', 'whiteHeartIcon');\ncy.get('[data-testid=\"favorite-btn\"]').click();\ncy.get('[data-testid=\"favorite-btn\"]').should('have.attr', 'src').should('include', 'blackHeartIcon');",
              "err": {},
              "uuid": "1d9a71d6-41d1-47d7-82c8-f8e6cdc49cdf",
              "parentUUID": "7a7fe942-8ccf-4e43-85c2-a54f3a6e4b02",
              "isHook": false,
              "skipped": false
            },
            {
              "title": "desfavorita comida",
              "fullTitle": "51 - Desenvolva a lógica de favoritar e compartilhar, a lógica da tela de detalhes de uma receita se aplica aqui desfavorita comida",
              "timedOut": null,
              "duration": 190,
              "state": "passed",
              "speed": "slow",
              "pass": true,
              "fail": false,
              "pending": false,
              "context": null,
              "code": "cy.visit('http://localhost:3000/comidas/52771/in-progress', {\n  onBeforeLoad: function onBeforeLoad(win) {\n    var favoriteRecipes = [{\n      \"id\": \"52771\",\n      \"type\": \"comida\",\n      \"area\": \"Italian\",\n      \"category\": \"Vegetarian\",\n      \"alcoholicOrNot\": \"\",\n      \"name\": \"Spicy Arrabiata Penne\",\n      \"image\": \"https://www.themealdb.com/images/media/meals/ustsqw1468250014.jpg\"\n    }];\n    localStorage.setItem('favoriteRecipes', JSON.stringify(favoriteRecipes));\n    win.fetch = fetchMock;\n  }\n});\ncy.get('[data-testid=\"favorite-btn\"]').should('have.attr', 'src').should('include', 'blackHeartIcon');\ncy.get('[data-testid=\"favorite-btn\"]').click();\ncy.get('[data-testid=\"favorite-btn\"]').should('have.attr', 'src').should('include', 'whiteHeartIcon');",
              "err": {},
              "uuid": "628bc844-b470-4f6f-9430-6103165119a7",
              "parentUUID": "7a7fe942-8ccf-4e43-85c2-a54f3a6e4b02",
              "isHook": false,
              "skipped": false
            },
            {
              "title": "favorita bebida",
              "fullTitle": "51 - Desenvolva a lógica de favoritar e compartilhar, a lógica da tela de detalhes de uma receita se aplica aqui favorita bebida",
              "timedOut": null,
              "duration": 195,
              "state": "passed",
              "speed": "slow",
              "pass": true,
              "fail": false,
              "pending": false,
              "context": null,
              "code": "cy.visit('http://localhost:3000/bebidas/178319/in-progress', {\n  onBeforeLoad: function onBeforeLoad(win) {\n    win.fetch = fetchMock;\n  }\n});\ncy.get('[data-testid=\"favorite-btn\"]').should('have.attr', 'src').should('include', 'whiteHeartIcon');\ncy.get('[data-testid=\"favorite-btn\"]').click();\ncy.get('[data-testid=\"favorite-btn\"]').should('have.attr', 'src').should('include', 'blackHeartIcon');",
              "err": {},
              "uuid": "7cf75883-edba-45ec-8529-2e906606bd57",
              "parentUUID": "7a7fe942-8ccf-4e43-85c2-a54f3a6e4b02",
              "isHook": false,
              "skipped": false
            },
            {
              "title": "desfavorita bebida",
              "fullTitle": "51 - Desenvolva a lógica de favoritar e compartilhar, a lógica da tela de detalhes de uma receita se aplica aqui desfavorita bebida",
              "timedOut": null,
              "duration": 219,
              "state": "passed",
              "speed": "slow",
              "pass": true,
              "fail": false,
              "pending": false,
              "context": null,
              "code": "cy.visit('http://localhost:3000/bebidas/178319/in-progress', {\n  onBeforeLoad: function onBeforeLoad(win) {\n    var favoriteRecipes = [{\n      \"id\": \"178319\",\n      \"type\": \"bebida\",\n      \"area\": \"\",\n      \"category\": \"Cocktail\",\n      \"alcoholicOrNot\": \"Alcoholic\",\n      \"name\": \"Aquamarine\",\n      \"image\": \"https://www.thecocktaildb.com/images/media/drink/zvsre31572902738.jpg\"\n    }];\n    localStorage.setItem('favoriteRecipes', JSON.stringify(favoriteRecipes));\n    win.fetch = fetchMock;\n  }\n});\ncy.get('[data-testid=\"favorite-btn\"]').should('have.attr', 'src').should('include', 'blackHeartIcon');\ncy.get('[data-testid=\"favorite-btn\"]').click();\ncy.get('[data-testid=\"favorite-btn\"]').should('have.attr', 'src').should('include', 'whiteHeartIcon');",
              "err": {},
              "uuid": "7c819a8b-c720-4a4a-a4d4-119fc6037d41",
              "parentUUID": "7a7fe942-8ccf-4e43-85c2-a54f3a6e4b02",
              "isHook": false,
              "skipped": false
            },
            {
              "title": "favorita receita de uma comida",
              "fullTitle": "51 - Desenvolva a lógica de favoritar e compartilhar, a lógica da tela de detalhes de uma receita se aplica aqui favorita receita de uma comida",
              "timedOut": null,
              "duration": 205,
              "state": "passed",
              "speed": "slow",
              "pass": true,
              "fail": false,
              "pending": false,
              "context": null,
              "code": "cy.visit('http://localhost:3000/comidas/52771/in-progress', {\n  onBeforeLoad: function onBeforeLoad(win) {\n    win.fetch = fetchMock;\n  }\n});\ncy.get('[data-testid=\"favorite-btn\"]').click().then(function () {\n  var favoriteRecipes = JSON.parse(localStorage.getItem('favoriteRecipes'));\n  var expectedFavoriteRecipes = [{\n    id: '52771',\n    type: 'comida',\n    area: 'Italian',\n    category: 'Vegetarian',\n    alcoholicOrNot: '',\n    name: 'Spicy Arrabiata Penne',\n    image: 'https://www.themealdb.com/images/media/meals/ustsqw1468250014.jpg'\n  }];\n  expect(favoriteRecipes).to.deep.eq(expectedFavoriteRecipes);\n  localStorage.clear();\n});",
              "err": {},
              "uuid": "9497e387-8346-4c6b-89fc-6f72e10213e4",
              "parentUUID": "7a7fe942-8ccf-4e43-85c2-a54f3a6e4b02",
              "isHook": false,
              "skipped": false
            },
            {
              "title": "favorita receita de uma bebida",
              "fullTitle": "51 - Desenvolva a lógica de favoritar e compartilhar, a lógica da tela de detalhes de uma receita se aplica aqui favorita receita de uma bebida",
              "timedOut": null,
              "duration": 198,
              "state": "passed",
              "speed": "slow",
              "pass": true,
              "fail": false,
              "pending": false,
              "context": null,
              "code": "cy.visit('http://localhost:3000/bebidas/178319/in-progress', {\n  onBeforeLoad: function onBeforeLoad(win) {\n    win.fetch = fetchMock;\n  }\n});\ncy.get('[data-testid=\"favorite-btn\"]').click().then(function () {\n  var favoriteRecipes = JSON.parse(localStorage.getItem('favoriteRecipes'));\n  var expectedFavoriteRecipes = [{\n    id: '178319',\n    type: 'bebida',\n    area: '',\n    category: 'Cocktail',\n    alcoholicOrNot: 'Alcoholic',\n    name: 'Aquamarine',\n    image: 'https://www.thecocktaildb.com/images/media/drink/zvsre31572902738.jpg'\n  }];\n  expect(favoriteRecipes).to.deep.eq(expectedFavoriteRecipes);\n  localStorage.clear();\n});",
              "err": {},
              "uuid": "8f4e75bd-443c-4332-b1ad-cd73696230af",
              "parentUUID": "7a7fe942-8ccf-4e43-85c2-a54f3a6e4b02",
              "isHook": false,
              "skipped": false
            }
          ],
          "suites": [],
          "passes": [
            "6eddb568-8e95-46e9-8ffd-3a1bd3dcfc5c",
            "b3ab6e9f-0fe6-4d35-928c-ef1763833739",
            "20c639be-c4af-4db6-8171-049886d0c9a7",
            "c0d441bc-55bc-4ca5-9ad7-5d00cffc3f40",
            "667a7f05-b8b7-4e78-b071-5595c47f76a7",
            "3cf564a9-0fc6-4b8e-ac52-b55a39c4ce5e",
            "e30f6349-8215-406a-bd1f-20c84bdc6ce8",
            "45c038e2-7e0a-45ff-8d73-665ec69deba8",
            "1d9a71d6-41d1-47d7-82c8-f8e6cdc49cdf",
            "628bc844-b470-4f6f-9430-6103165119a7",
            "7cf75883-edba-45ec-8529-2e906606bd57",
            "7c819a8b-c720-4a4a-a4d4-119fc6037d41",
            "9497e387-8346-4c6b-89fc-6f72e10213e4",
            "8f4e75bd-443c-4332-b1ad-cd73696230af"
          ],
          "failures": [],
          "pending": [],
          "skipped": [],
          "duration": 2266,
          "root": false,
          "rootEmpty": false,
          "_timeout": 2000
        },
        {
          "uuid": "12c33bd5-d5b3-4ff1-9f08-54a5b4a1ad06",
          "title": "52 - Implemente a solução de maneira que o botão de finalizar receita só pode estar habilitado quando todos os ingredientes estiverem _\"checkados\"_ (marcados)",
          "fullFile": "",
          "file": "",
          "beforeHooks": [],
          "afterHooks": [],
          "tests": [
            {
              "title": "verifica se botão para finalizar está desabilitado em receitas de comidas",
              "fullTitle": "52 - Implemente a solução de maneira que o botão de finalizar receita só pode estar habilitado quando todos os ingredientes estiverem _\"checkados\"_ (marcados) verifica se botão para finalizar está desabilitado em receitas de comidas",
              "timedOut": null,
              "duration": 218,
              "state": "passed",
              "speed": "slow",
              "pass": true,
              "fail": false,
              "pending": false,
              "context": null,
              "code": "cy.visit('http://localhost:3000/comidas/52771/in-progress', {\n  onBeforeLoad: function onBeforeLoad(win) {\n    win.fetch = fetchMock;\n  }\n});\ncy.get('[data-testid*=\"ingredient-step\"]').find('input[type=\"checkbox\"]').first().check();\ncy.get('[data-testid=\"finish-recipe-btn\"]').should('be.disabled');",
              "err": {},
              "uuid": "72cbb467-3642-454f-91ac-5f57a02cdfcd",
              "parentUUID": "12c33bd5-d5b3-4ff1-9f08-54a5b4a1ad06",
              "isHook": false,
              "skipped": false
            },
            {
              "title": "verifica se botão para finalizar está desabilitado em receitas de bebidas",
              "fullTitle": "52 - Implemente a solução de maneira que o botão de finalizar receita só pode estar habilitado quando todos os ingredientes estiverem _\"checkados\"_ (marcados) verifica se botão para finalizar está desabilitado em receitas de bebidas",
              "timedOut": null,
              "duration": 218,
              "state": "passed",
              "speed": "slow",
              "pass": true,
              "fail": false,
              "pending": false,
              "context": null,
              "code": "cy.visit('http://localhost:3000/bebidas/178319/in-progress', {\n  onBeforeLoad: function onBeforeLoad(win) {\n    win.fetch = fetchMock;\n  }\n});\ncy.get('[data-testid*=\"ingredient-step\"]').find('input[type=\"checkbox\"]').first().check();\ncy.get('[data-testid=\"finish-recipe-btn\"]').should('be.disabled');",
              "err": {},
              "uuid": "a5683d09-785c-4a1c-95a7-2e14972999e6",
              "parentUUID": "12c33bd5-d5b3-4ff1-9f08-54a5b4a1ad06",
              "isHook": false,
              "skipped": false
            },
            {
              "title": "verifica se botão para finalizar está habilitado em receitas de comidas",
              "fullTitle": "52 - Implemente a solução de maneira que o botão de finalizar receita só pode estar habilitado quando todos os ingredientes estiverem _\"checkados\"_ (marcados) verifica se botão para finalizar está habilitado em receitas de comidas",
              "timedOut": null,
              "duration": 760,
              "state": "passed",
              "speed": "slow",
              "pass": true,
              "fail": false,
              "pending": false,
              "context": null,
              "code": "cy.visit('http://localhost:3000/comidas/52771/in-progress', {\n  onBeforeLoad: function onBeforeLoad(win) {\n    win.fetch = fetchMock;\n  }\n});\ncy.get('[data-testid*=\"ingredient-step\"]').find('input[type=\"checkbox\"]').check();\ncy.get('[data-testid=\"finish-recipe-btn\"]').should('be.enabled');",
              "err": {},
              "uuid": "de7c8912-38d2-4963-a291-55ed7da382af",
              "parentUUID": "12c33bd5-d5b3-4ff1-9f08-54a5b4a1ad06",
              "isHook": false,
              "skipped": false
            },
            {
              "title": "verifica se botão para finalizar está habilitado em receitas de bebidas",
              "fullTitle": "52 - Implemente a solução de maneira que o botão de finalizar receita só pode estar habilitado quando todos os ingredientes estiverem _\"checkados\"_ (marcados) verifica se botão para finalizar está habilitado em receitas de bebidas",
              "timedOut": null,
              "duration": 335,
              "state": "passed",
              "speed": "slow",
              "pass": true,
              "fail": false,
              "pending": false,
              "context": null,
              "code": "cy.visit('http://localhost:3000/bebidas/178319/in-progress', {\n  onBeforeLoad: function onBeforeLoad(win) {\n    win.fetch = fetchMock;\n  }\n});\ncy.get('[data-testid*=\"ingredient-step\"]').find('input[type=\"checkbox\"]').check();\ncy.get('[data-testid=\"finish-recipe-btn\"]').should('be.enabled');",
              "err": {},
              "uuid": "7376b13c-89a7-4b2f-8771-60a8923ec6a3",
              "parentUUID": "12c33bd5-d5b3-4ff1-9f08-54a5b4a1ad06",
              "isHook": false,
              "skipped": false
            }
          ],
          "suites": [],
          "passes": [
            "72cbb467-3642-454f-91ac-5f57a02cdfcd",
            "a5683d09-785c-4a1c-95a7-2e14972999e6",
            "de7c8912-38d2-4963-a291-55ed7da382af",
            "7376b13c-89a7-4b2f-8771-60a8923ec6a3"
          ],
          "failures": [],
          "pending": [],
          "skipped": [],
          "duration": 1531,
          "root": false,
          "rootEmpty": false,
          "_timeout": 2000
        },
        {
          "uuid": "f55dc82f-45d7-4a43-826d-1ff47220d179",
          "title": "53 - Redirecione a pessoa usuária após clicar no botão \"Finalizar receita\", para a página de receitas feitas, cuja rota deve ser `/receitas-feitas`",
          "fullFile": "",
          "file": "",
          "beforeHooks": [],
          "afterHooks": [],
          "tests": [
            {
              "title": "redireciona após concluir uma receita de comida",
              "fullTitle": "53 - Redirecione a pessoa usuária após clicar no botão \"Finalizar receita\", para a página de receitas feitas, cuja rota deve ser `/receitas-feitas` redireciona após concluir uma receita de comida",
              "timedOut": null,
              "duration": 819,
              "state": "passed",
              "speed": "slow",
              "pass": true,
              "fail": false,
              "pending": false,
              "context": null,
              "code": "cy.visit('http://localhost:3000/comidas/52771/in-progress', {\n  onBeforeLoad: function onBeforeLoad(win) {\n    win.fetch = fetchMock;\n  }\n});\ncy.get('[data-testid*=\"ingredient-step\"]').find('input[type=\"checkbox\"]').check();\ncy.get('[data-testid=\"finish-recipe-btn\"]').click();\ncy.location().should(function (loc) {\n  return expect(loc.pathname).to.eq('/receitas-feitas');\n});",
              "err": {},
              "uuid": "e346c3d6-8604-497e-be1f-5bde849092bf",
              "parentUUID": "f55dc82f-45d7-4a43-826d-1ff47220d179",
              "isHook": false,
              "skipped": false
            },
            {
              "title": "redireciona após concluir uma receita de bebida",
              "fullTitle": "53 - Redirecione a pessoa usuária após clicar no botão \"Finalizar receita\", para a página de receitas feitas, cuja rota deve ser `/receitas-feitas` redireciona após concluir uma receita de bebida",
              "timedOut": null,
              "duration": 426,
              "state": "passed",
              "speed": "slow",
              "pass": true,
              "fail": false,
              "pending": false,
              "context": null,
              "code": "cy.visit('http://localhost:3000/bebidas/178319/in-progress', {\n  onBeforeLoad: function onBeforeLoad(win) {\n    win.fetch = fetchMock;\n  }\n});\ncy.get('[data-testid*=\"ingredient-step\"]').find('input[type=\"checkbox\"]').check();\ncy.get('[data-testid=\"finish-recipe-btn\"]').click();\ncy.location().should(function (loc) {\n  return expect(loc.pathname).to.eq('/receitas-feitas');\n});",
              "err": {},
              "uuid": "03e11d63-fee4-422f-a564-c137050ccae1",
              "parentUUID": "f55dc82f-45d7-4a43-826d-1ff47220d179",
              "isHook": false,
              "skipped": false
            }
          ],
          "suites": [],
          "passes": [
            "e346c3d6-8604-497e-be1f-5bde849092bf",
            "03e11d63-fee4-422f-a564-c137050ccae1"
          ],
          "failures": [],
          "pending": [],
          "skipped": [],
          "duration": 1245,
          "root": false,
          "rootEmpty": false,
          "_timeout": 2000
        }
      ],
      "passes": [],
      "failures": [],
      "pending": [],
      "skipped": [],
      "duration": 0,
      "root": true,
      "rootEmpty": true,
      "_timeout": 2000
    }
  ],
  "meta": {
    "mocha": {
      "version": "8.2.1"
    },
    "mochawesome": {
      "options": {
        "quiet": false,
        "reportFilename": "mochawesome",
        "saveHtml": false,
        "saveJson": true,
        "consoleReporter": "spec",
        "useInlineDiffs": false,
        "code": true
      },
      "version": "6.2.1"
    },
    "marge": {
      "options": {
        "id": "default",
        "reportDir": "cypress/reports",
        "overwrite": false,
        "html": false,
        "json": true
      },
      "version": "5.1.0"
    }
  }
}