{
  "stats": {
    "suites": 6,
    "tests": 15,
    "passes": 15,
    "pending": 0,
    "failures": 0,
    "start": "2021-04-30T17:09:41.008Z",
    "end": "2021-04-30T17:09:50.804Z",
    "duration": 9796,
    "testsRegistered": 15,
    "passPercent": 100,
    "pendingPercent": 0,
    "other": 0,
    "hasOther": false,
    "skipped": 0,
    "hasSkipped": false
  },
  "results": [
    {
      "uuid": "fe038dcf-797e-479b-b729-ff8ccbb0757d",
      "title": "",
      "fullFile": "cypress/integration/header_search_bar_spec.js",
      "file": "cypress/integration/header_search_bar_spec.js",
      "beforeHooks": [],
      "afterHooks": [],
      "tests": [],
      "suites": [
        {
          "uuid": "43d8d32b-5042-4380-8767-ddd31940eb2f",
          "title": "13 - Implemente os elementos da barra de busca respeitando os atributos descritos no protótipo",
          "fullFile": "",
          "file": "",
          "beforeHooks": [],
          "afterHooks": [],
          "tests": [
            {
              "title": "Tem os data-testids tanto da barra de busca quanto de todos os radio-buttons",
              "fullTitle": "13 - Implemente os elementos da barra de busca respeitando os atributos descritos no protótipo Tem os data-testids tanto da barra de busca quanto de todos os radio-buttons",
              "timedOut": null,
              "duration": 476,
              "state": "passed",
              "speed": "slow",
              "pass": true,
              "fail": false,
              "pending": false,
              "context": null,
              "code": "cy.visit('http://localhost:3000/comidas');\ncy.get('[data-testid=\"search-top-btn\"]').click();\ncy.get('[data-testid=\"search-input\"]');\ncy.get('[data-testid=\"ingredient-search-radio\"]');\ncy.get('[data-testid=\"name-search-radio\"]');\ncy.get('[data-testid=\"first-letter-search-radio\"]');\ncy.get('[data-testid=\"exec-search-btn\"]');",
              "err": {},
              "uuid": "ef7eed77-6a85-496c-86d6-0df24ed48131",
              "parentUUID": "43d8d32b-5042-4380-8767-ddd31940eb2f",
              "isHook": false,
              "skipped": false
            }
          ],
          "suites": [],
          "passes": [
            "ef7eed77-6a85-496c-86d6-0df24ed48131"
          ],
          "failures": [],
          "pending": [],
          "skipped": [],
          "duration": 476,
          "root": false,
          "rootEmpty": false,
          "_timeout": 2000
        },
        {
          "uuid": "af39ed66-1826-4257-bf1b-56f6d5c7bd60",
          "title": "14 - Posicione a barra logo abaixo do header e implemente 3 radio buttons: Ingrediente, Nome e Primeira letra",
          "fullFile": "",
          "file": "",
          "beforeHooks": [],
          "afterHooks": [],
          "tests": [
            {
              "title": "Se o radio selecionado for Ingrediente, a busca na API é feita corretamente pelo ingrediente",
              "fullTitle": "14 - Posicione a barra logo abaixo do header e implemente 3 radio buttons: Ingrediente, Nome e Primeira letra Se o radio selecionado for Ingrediente, a busca na API é feita corretamente pelo ingrediente",
              "timedOut": null,
              "duration": 595,
              "state": "passed",
              "speed": "slow",
              "pass": true,
              "fail": false,
              "pending": false,
              "context": null,
              "code": "cy.visit('http://localhost:3000/comidas', {\n  onBeforeLoad: function onBeforeLoad(win) {\n    cy.spy(win, 'fetch');\n  }\n});\ncy.get('[data-testid=\"search-top-btn\"]').click();\ncy.get('[data-testid=\"ingredient-search-radio\"]').click();\ncy.get('[data-testid=\"search-input\"]').type('chicken');\ncy.get('[data-testid=\"exec-search-btn\"]').click();\ncy.window().its('fetch').should('be.calledWith', 'https://www.themealdb.com/api/json/v1/1/filter.php?i=chicken');",
              "err": {},
              "uuid": "2a3df3c7-cf36-45f9-88b3-19483700e9ca",
              "parentUUID": "af39ed66-1826-4257-bf1b-56f6d5c7bd60",
              "isHook": false,
              "skipped": false
            },
            {
              "title": "Se o radio selecionado for Nome, a busca na API é feita corretamente pelo nome",
              "fullTitle": "14 - Posicione a barra logo abaixo do header e implemente 3 radio buttons: Ingrediente, Nome e Primeira letra Se o radio selecionado for Nome, a busca na API é feita corretamente pelo nome",
              "timedOut": null,
              "duration": 506,
              "state": "passed",
              "speed": "slow",
              "pass": true,
              "fail": false,
              "pending": false,
              "context": null,
              "code": "cy.visit('http://localhost:3000/comidas', {\n  onBeforeLoad: function onBeforeLoad(win) {\n    cy.spy(win, 'fetch');\n  }\n});\ncy.get('[data-testid=\"search-top-btn\"]').click();\ncy.get('[data-testid=\"name-search-radio\"]').click();\ncy.get('[data-testid=\"search-input\"]').type('soup');\ncy.get('[data-testid=\"exec-search-btn\"]').click();\ncy.window().its('fetch').should('be.calledWith', 'https://www.themealdb.com/api/json/v1/1/search.php?s=soup');",
              "err": {},
              "uuid": "6b2fb813-2e2e-43db-86cc-39ab4809566f",
              "parentUUID": "af39ed66-1826-4257-bf1b-56f6d5c7bd60",
              "isHook": false,
              "skipped": false
            },
            {
              "title": "Se o radio selecionado for Primeira letra, a busca na API é feita corretamente pelo primeira letra",
              "fullTitle": "14 - Posicione a barra logo abaixo do header e implemente 3 radio buttons: Ingrediente, Nome e Primeira letra Se o radio selecionado for Primeira letra, a busca na API é feita corretamente pelo primeira letra",
              "timedOut": null,
              "duration": 463,
              "state": "passed",
              "speed": "slow",
              "pass": true,
              "fail": false,
              "pending": false,
              "context": null,
              "code": "cy.visit('http://localhost:3000/comidas', {\n  onBeforeLoad: function onBeforeLoad(win) {\n    cy.spy(win, 'fetch');\n  }\n});\ncy.get('[data-testid=\"search-top-btn\"]').click();\ncy.get('[data-testid=\"first-letter-search-radio\"]').click();\ncy.get('[data-testid=\"search-input\"]').type('a');\ncy.get('[data-testid=\"exec-search-btn\"]').click();\ncy.window().its('fetch').should('be.calledWith', 'https://www.themealdb.com/api/json/v1/1/search.php?f=a');",
              "err": {},
              "uuid": "586ed08b-e7b9-48af-9599-a2326b00189a",
              "parentUUID": "af39ed66-1826-4257-bf1b-56f6d5c7bd60",
              "isHook": false,
              "skipped": false
            },
            {
              "title": "Se o radio selecionado for Primeira letra e a busca na API for feita com mais de uma letra, deve-se exibir um alert",
              "fullTitle": "14 - Posicione a barra logo abaixo do header e implemente 3 radio buttons: Ingrediente, Nome e Primeira letra Se o radio selecionado for Primeira letra e a busca na API for feita com mais de uma letra, deve-se exibir um alert",
              "timedOut": null,
              "duration": 497,
              "state": "passed",
              "speed": "slow",
              "pass": true,
              "fail": false,
              "pending": false,
              "context": null,
              "code": "cy.visit('http://localhost:3000/comidas', {\n  onBeforeLoad: function onBeforeLoad(win) {\n    cy.spy(win, 'alert');\n  }\n});\ncy.get('[data-testid=\"search-top-btn\"]').click();\ncy.get('[data-testid=\"first-letter-search-radio\"]').click();\ncy.get('[data-testid=\"search-input\"]').type('aaa');\ncy.get('[data-testid=\"exec-search-btn\"]').click();\ncy.window().its('alert').should('be.calledWith', 'Sua busca deve conter somente 1 (um) caracter');",
              "err": {},
              "uuid": "03af9f47-2d61-4436-97ed-f667e0a67d4f",
              "parentUUID": "af39ed66-1826-4257-bf1b-56f6d5c7bd60",
              "isHook": false,
              "skipped": false
            }
          ],
          "suites": [],
          "passes": [
            "2a3df3c7-cf36-45f9-88b3-19483700e9ca",
            "6b2fb813-2e2e-43db-86cc-39ab4809566f",
            "586ed08b-e7b9-48af-9599-a2326b00189a",
            "03af9f47-2d61-4436-97ed-f667e0a67d4f"
          ],
          "failures": [],
          "pending": [],
          "skipped": [],
          "duration": 2061,
          "root": false,
          "rootEmpty": false,
          "_timeout": 2000
        },
        {
          "uuid": "853ea4fe-d775-40fa-bda2-318c04a37265",
          "title": "15 - Busque na API de comidas caso a pessoa esteja na página de comidas e na de bebidas caso esteja na de bebidas",
          "fullFile": "",
          "file": "",
          "beforeHooks": [],
          "afterHooks": [],
          "tests": [
            {
              "title": "Na tela de bebidas, se o radio selecionado for Ingrediente, a busca na API é feita corretamente pelo ingrediente",
              "fullTitle": "15 - Busque na API de comidas caso a pessoa esteja na página de comidas e na de bebidas caso esteja na de bebidas Na tela de bebidas, se o radio selecionado for Ingrediente, a busca na API é feita corretamente pelo ingrediente",
              "timedOut": null,
              "duration": 542,
              "state": "passed",
              "speed": "slow",
              "pass": true,
              "fail": false,
              "pending": false,
              "context": null,
              "code": "cy.visit('http://localhost:3000/bebidas', {\n  onBeforeLoad: function onBeforeLoad(win) {\n    cy.spy(win, 'fetch');\n  }\n});\ncy.get('[data-testid=\"search-top-btn\"]').click();\ncy.get('[data-testid=\"ingredient-search-radio\"]').click();\ncy.get('[data-testid=\"search-input\"]').type('lemon');\ncy.get('[data-testid=\"exec-search-btn\"]').click();\ncy.window().its('fetch').should('be.calledWith', 'https://www.thecocktaildb.com/api/json/v1/1/filter.php?i=lemon');",
              "err": {},
              "uuid": "26f53304-f708-45fb-b53e-2a039751444b",
              "parentUUID": "853ea4fe-d775-40fa-bda2-318c04a37265",
              "isHook": false,
              "skipped": false
            },
            {
              "title": "Na tela de bebidas, se o radio selecionado for Nome, a busca na API é feita corretamente pelo nome",
              "fullTitle": "15 - Busque na API de comidas caso a pessoa esteja na página de comidas e na de bebidas caso esteja na de bebidas Na tela de bebidas, se o radio selecionado for Nome, a busca na API é feita corretamente pelo nome",
              "timedOut": null,
              "duration": 483,
              "state": "passed",
              "speed": "slow",
              "pass": true,
              "fail": false,
              "pending": false,
              "context": null,
              "code": "cy.visit('http://localhost:3000/bebidas', {\n  onBeforeLoad: function onBeforeLoad(win) {\n    cy.spy(win, 'fetch');\n  }\n});\ncy.get('[data-testid=\"search-top-btn\"]').click();\ncy.get('[data-testid=\"name-search-radio\"]').click();\ncy.get('[data-testid=\"search-input\"]').type('gin');\ncy.get('[data-testid=\"exec-search-btn\"]').click();\ncy.window().its('fetch').should('be.calledWith', 'https://www.thecocktaildb.com/api/json/v1/1/search.php?s=gin');",
              "err": {},
              "uuid": "0909bf64-aa5f-44a1-817b-7800dd4338ac",
              "parentUUID": "853ea4fe-d775-40fa-bda2-318c04a37265",
              "isHook": false,
              "skipped": false
            },
            {
              "title": "Na tela de bebidas, se o radio selecionado for Primeira letra, a busca na API é feita corretamente pelo primeira letra",
              "fullTitle": "15 - Busque na API de comidas caso a pessoa esteja na página de comidas e na de bebidas caso esteja na de bebidas Na tela de bebidas, se o radio selecionado for Primeira letra, a busca na API é feita corretamente pelo primeira letra",
              "timedOut": null,
              "duration": 468,
              "state": "passed",
              "speed": "slow",
              "pass": true,
              "fail": false,
              "pending": false,
              "context": null,
              "code": "cy.visit('http://localhost:3000/bebidas', {\n  onBeforeLoad: function onBeforeLoad(win) {\n    cy.spy(win, 'fetch');\n  }\n});\ncy.get('[data-testid=\"search-top-btn\"]').click();\ncy.get('[data-testid=\"first-letter-search-radio\"]').click();\ncy.get('[data-testid=\"search-input\"]').type('a');\ncy.get('[data-testid=\"exec-search-btn\"]').click();\ncy.window().its('fetch').should('be.calledWith', 'https://www.thecocktaildb.com/api/json/v1/1/search.php?f=a');",
              "err": {},
              "uuid": "80c5bc33-82a7-4e7e-a8a4-cb6bd82002ca",
              "parentUUID": "853ea4fe-d775-40fa-bda2-318c04a37265",
              "isHook": false,
              "skipped": false
            },
            {
              "title": "Na tela de bebidas, se o radio selecionado for Primeira letra e a busca na API for feita com mais de uma letra, deve-se exibir um alert",
              "fullTitle": "15 - Busque na API de comidas caso a pessoa esteja na página de comidas e na de bebidas caso esteja na de bebidas Na tela de bebidas, se o radio selecionado for Primeira letra e a busca na API for feita com mais de uma letra, deve-se exibir um alert",
              "timedOut": null,
              "duration": 490,
              "state": "passed",
              "speed": "slow",
              "pass": true,
              "fail": false,
              "pending": false,
              "context": null,
              "code": "cy.visit('http://localhost:3000/bebidas', {\n  onBeforeLoad: function onBeforeLoad(win) {\n    cy.spy(win, 'alert');\n  }\n});\ncy.get('[data-testid=\"search-top-btn\"]').click();\ncy.get('[data-testid=\"first-letter-search-radio\"]').click();\ncy.get('[data-testid=\"search-input\"]').type('aaa');\ncy.get('[data-testid=\"exec-search-btn\"]').click();\ncy.window().its('alert').should('be.calledWith', 'Sua busca deve conter somente 1 (um) caracter');",
              "err": {},
              "uuid": "d7e76897-f2bb-4af0-9795-28b28bb80c8d",
              "parentUUID": "853ea4fe-d775-40fa-bda2-318c04a37265",
              "isHook": false,
              "skipped": false
            }
          ],
          "suites": [],
          "passes": [
            "26f53304-f708-45fb-b53e-2a039751444b",
            "0909bf64-aa5f-44a1-817b-7800dd4338ac",
            "80c5bc33-82a7-4e7e-a8a4-cb6bd82002ca",
            "d7e76897-f2bb-4af0-9795-28b28bb80c8d"
          ],
          "failures": [],
          "pending": [],
          "skipped": [],
          "duration": 1983,
          "root": false,
          "rootEmpty": false,
          "_timeout": 2000
        },
        {
          "uuid": "2dde1f9e-60fa-429d-bd94-19fc499fff20",
          "title": "16 - Redirecione para a tela de detalhes da receita caso apenas uma receita seja encontrada, com o ID da mesma na URL",
          "fullFile": "",
          "file": "",
          "beforeHooks": [],
          "afterHooks": [],
          "tests": [
            {
              "title": "Caso apenas uma comida seja encontrada, deve-se ir para sua rota de detalhes",
              "fullTitle": "16 - Redirecione para a tela de detalhes da receita caso apenas uma receita seja encontrada, com o ID da mesma na URL Caso apenas uma comida seja encontrada, deve-se ir para sua rota de detalhes",
              "timedOut": null,
              "duration": 891,
              "state": "passed",
              "speed": "slow",
              "pass": true,
              "fail": false,
              "pending": false,
              "context": null,
              "code": "cy.visit('http://localhost:3000/comidas', {\n  onBeforeLoad: function onBeforeLoad(win) {\n    win.fetch = fetchMock;\n  }\n});\ncy.get('[data-testid=\"search-top-btn\"]').click();\ncy.get('[data-testid=\"name-search-radio\"]').click();\ncy.get('[data-testid=\"search-input\"]').type('Arrabiata');\ncy.get('[data-testid=\"exec-search-btn\"]').click();\ncy.location().should(function (loc) {\n  return expect(loc.pathname).to.eq('/comidas/52771');\n});",
              "err": {},
              "uuid": "fc2570ea-b250-461f-8a13-f4ad2c88f490",
              "parentUUID": "2dde1f9e-60fa-429d-bd94-19fc499fff20",
              "isHook": false,
              "skipped": false
            },
            {
              "title": "Caso apenas uma bebida seja encontrada, deve-se ir para sua rota de detalhes",
              "fullTitle": "16 - Redirecione para a tela de detalhes da receita caso apenas uma receita seja encontrada, com o ID da mesma na URL Caso apenas uma bebida seja encontrada, deve-se ir para sua rota de detalhes",
              "timedOut": null,
              "duration": 1236,
              "state": "passed",
              "speed": "slow",
              "pass": true,
              "fail": false,
              "pending": false,
              "context": null,
              "code": "cy.visit('http://localhost:3000/bebidas', {\n  onBeforeLoad: function onBeforeLoad(win) {\n    win.fetch = fetchMock;\n  }\n});\ncy.get('[data-testid=\"search-top-btn\"]').click();\ncy.get('[data-testid=\"name-search-radio\"]').click();\ncy.get('[data-testid=\"search-input\"]').type('Aquamarine');\ncy.get('[data-testid=\"exec-search-btn\"]').click();\ncy.location().should(function (loc) {\n  return expect(loc.pathname).to.eq('/bebidas/178319');\n});",
              "err": {},
              "uuid": "ef6d237a-0279-4c3c-a26d-4563b16ae6c6",
              "parentUUID": "2dde1f9e-60fa-429d-bd94-19fc499fff20",
              "isHook": false,
              "skipped": false
            }
          ],
          "suites": [],
          "passes": [
            "fc2570ea-b250-461f-8a13-f4ad2c88f490",
            "ef6d237a-0279-4c3c-a26d-4563b16ae6c6"
          ],
          "failures": [],
          "pending": [],
          "skipped": [],
          "duration": 2127,
          "root": false,
          "rootEmpty": false,
          "_timeout": 2000
        },
        {
          "uuid": "93977eef-b8f0-470e-9066-cfbaf9a8d7a5",
          "title": "17 - Mostre as receitas em cards caso mais de uma receita seja encontrada",
          "fullFile": "",
          "file": "",
          "beforeHooks": [],
          "afterHooks": [],
          "tests": [
            {
              "title": "Caso mais de uma comida seja encontrada, mostrar as 12 primeiras",
              "fullTitle": "17 - Mostre as receitas em cards caso mais de uma receita seja encontrada Caso mais de uma comida seja encontrada, mostrar as 12 primeiras",
              "timedOut": null,
              "duration": 576,
              "state": "passed",
              "speed": "slow",
              "pass": true,
              "fail": false,
              "pending": false,
              "context": null,
              "code": "cy.visit('http://localhost:3000/comidas', {\n  onBeforeLoad: function onBeforeLoad(win) {\n    win.fetch = fetchMock;\n  }\n});\ncy.get('[data-testid=\"search-top-btn\"]').click();\ncy.get('[data-testid=\"name-search-radio\"]').click();\ncy.get('[data-testid=\"search-input\"]').type('soup');\ncy.get('[data-testid=\"exec-search-btn\"]').click();\nsoupMeals.meals.forEach(function (meal, index) {\n  cy.get(\"[data-testid=\\\"\".concat(index, \"-recipe-card\\\"]\"));\n  cy.get(\"[data-testid=\\\"\".concat(index, \"-card-img\\\"]\")).should('have.attr', 'src').should('include', meal['strMealThumb']);\n  cy.get(\"[data-testid=\\\"\".concat(index, \"-card-name\\\"]\")).contains(meal['strMeal']);\n});\ncy.get('[data-testid=\"10-recipe-card\"]').should('not.exist');\ncy.get('[data-testid=\"10-card-img\"]').should('not.exist');\ncy.get('[data-testid=\"10-card-name\"]').should('not.exist');",
              "err": {},
              "uuid": "c5270850-7011-49cb-a745-ed765137b692",
              "parentUUID": "93977eef-b8f0-470e-9066-cfbaf9a8d7a5",
              "isHook": false,
              "skipped": false
            },
            {
              "title": "Caso mais de uma bebida seja encontrada, mostrar as 12 primeiras",
              "fullTitle": "17 - Mostre as receitas em cards caso mais de uma receita seja encontrada Caso mais de uma bebida seja encontrada, mostrar as 12 primeiras",
              "timedOut": null,
              "duration": 579,
              "state": "passed",
              "speed": "slow",
              "pass": true,
              "fail": false,
              "pending": false,
              "context": null,
              "code": "cy.visit('http://localhost:3000/bebidas', {\n  onBeforeLoad: function onBeforeLoad(win) {\n    win.fetch = fetchMock;\n  }\n});\ncy.get('[data-testid=\"search-top-btn\"]').click();\ncy.get('[data-testid=\"name-search-radio\"]').click();\ncy.get('[data-testid=\"search-input\"]').type('gin');\ncy.get('[data-testid=\"exec-search-btn\"]').click();\nginDrinks.drinks.slice(0, 12).forEach(function (drink, index) {\n  cy.get(\"[data-testid=\\\"\".concat(index, \"-recipe-card\\\"]\"));\n  cy.get(\"[data-testid=\\\"\".concat(index, \"-card-img\\\"]\")).should('have.attr', 'src').should('include', drink['strDrinkThumb']);\n  cy.get(\"[data-testid=\\\"\".concat(index, \"-card-name\\\"]\")).contains(drink['strDrink']);\n});\ncy.get('[data-testid=\"12-recipe-card\"]').should('not.exist');\ncy.get('[data-testid=\"12-card-img\"]').should('not.exist');\ncy.get('[data-testid=\"12-card-name\"]').should('not.exist');",
              "err": {},
              "uuid": "c6c47448-5414-4336-a9ba-3769851eb161",
              "parentUUID": "93977eef-b8f0-470e-9066-cfbaf9a8d7a5",
              "isHook": false,
              "skipped": false
            }
          ],
          "suites": [],
          "passes": [
            "c5270850-7011-49cb-a745-ed765137b692",
            "c6c47448-5414-4336-a9ba-3769851eb161"
          ],
          "failures": [],
          "pending": [],
          "skipped": [],
          "duration": 1155,
          "root": false,
          "rootEmpty": false,
          "_timeout": 2000
        },
        {
          "uuid": "707c6c76-3f89-4b4e-84dc-d826d62c7a66",
          "title": "18 - Exiba um `alert` caso nenhuma receita seja encontrada",
          "fullFile": "",
          "file": "",
          "beforeHooks": [],
          "afterHooks": [],
          "tests": [
            {
              "title": "Caso nenhuma comida seja encontrada o alert deve ser exibido",
              "fullTitle": "18 - Exiba um `alert` caso nenhuma receita seja encontrada Caso nenhuma comida seja encontrada o alert deve ser exibido",
              "timedOut": null,
              "duration": 568,
              "state": "passed",
              "speed": "slow",
              "pass": true,
              "fail": false,
              "pending": false,
              "context": null,
              "code": "cy.visit('http://localhost:3000/comidas', {\n  onBeforeLoad: function onBeforeLoad(win) {\n    win.fetch = fetchMock;\n    cy.spy(win, 'alert');\n  }\n});\ncy.get('[data-testid=\"search-top-btn\"]').click();\ncy.get('[data-testid=\"name-search-radio\"]').click();\ncy.get('[data-testid=\"search-input\"]').type('xablau');\ncy.get('[data-testid=\"exec-search-btn\"]').click();\ncy.window().its('alert').should('be.calledWith', 'Sinto muito, não encontramos nenhuma receita para esses filtros.');",
              "err": {},
              "uuid": "a4754492-90cc-4d34-a095-fbd0dfd35d62",
              "parentUUID": "707c6c76-3f89-4b4e-84dc-d826d62c7a66",
              "isHook": false,
              "skipped": false
            },
            {
              "title": "Caso nenhuma bebida seja encontrada o alert deve ser exibido",
              "fullTitle": "18 - Exiba um `alert` caso nenhuma receita seja encontrada Caso nenhuma bebida seja encontrada o alert deve ser exibido",
              "timedOut": null,
              "duration": 553,
              "state": "passed",
              "speed": "slow",
              "pass": true,
              "fail": false,
              "pending": false,
              "context": null,
              "code": "cy.visit('http://localhost:3000/bebidas', {\n  onBeforeLoad: function onBeforeLoad(win) {\n    win.fetch = fetchMock;\n    cy.spy(win, 'alert');\n  }\n});\ncy.get('[data-testid=\"search-top-btn\"]').click();\ncy.get('[data-testid=\"name-search-radio\"]').click();\ncy.get('[data-testid=\"search-input\"]').type('xablau');\ncy.get('[data-testid=\"exec-search-btn\"]').click();\ncy.window().its('alert').should('be.calledWith', 'Sinto muito, não encontramos nenhuma receita para esses filtros.');",
              "err": {},
              "uuid": "c9a9d5c4-af1d-4e9c-a8f7-b3cb94f594ca",
              "parentUUID": "707c6c76-3f89-4b4e-84dc-d826d62c7a66",
              "isHook": false,
              "skipped": false
            }
          ],
          "suites": [],
          "passes": [
            "a4754492-90cc-4d34-a095-fbd0dfd35d62",
            "c9a9d5c4-af1d-4e9c-a8f7-b3cb94f594ca"
          ],
          "failures": [],
          "pending": [],
          "skipped": [],
          "duration": 1121,
          "root": false,
          "rootEmpty": false,
          "_timeout": 2000
        }
      ],
      "passes": [],
      "failures": [],
      "pending": [],
      "skipped": [],
      "duration": 0,
      "root": true,
      "rootEmpty": true,
      "_timeout": 2000
    }
  ],
  "meta": {
    "mocha": {
      "version": "8.2.1"
    },
    "mochawesome": {
      "options": {
        "quiet": false,
        "reportFilename": "mochawesome",
        "saveHtml": false,
        "saveJson": true,
        "consoleReporter": "spec",
        "useInlineDiffs": false,
        "code": true
      },
      "version": "6.2.1"
    },
    "marge": {
      "options": {
        "id": "default",
        "reportDir": "cypress/reports",
        "overwrite": false,
        "html": false,
        "json": true
      },
      "version": "5.1.0"
    }
  }
}