{"total": {"lines":{"total":637,"covered":103,"skipped":0,"pct":16.17},"statements":{"total":699,"covered":103,"skipped":0,"pct":14.74},"functions":{"total":201,"covered":1,"skipped":0,"pct":0.5},"branches":{"total":206,"covered":0,"skipped":0,"pct":0}}
,"/home/thiago/Documentos/Projetos/sd-09-project-recipes-app/src/App.js": {"lines":{"total":1,"covered":1,"skipped":0,"pct":100},"functions":{"total":1,"covered":1,"skipped":0,"pct":100},"statements":{"total":1,"covered":1,"skipped":0,"pct":100},"branches":{"total":0,"covered":0,"skipped":0,"pct":100}}
,"/home/thiago/Documentos/Projetos/sd-09-project-recipes-app/src/actions/MealById.js": {"lines":{"total":49,"covered":9,"skipped":0,"pct":18.37},"functions":{"total":10,"covered":0,"skipped":0,"pct":0},"statements":{"total":54,"covered":9,"skipped":0,"pct":16.67},"branches":{"total":6,"covered":0,"skipped":0,"pct":0}}
,"/home/thiago/Documentos/Projetos/sd-09-project-recipes-app/src/actions/areas.js": {"lines":{"total":20,"covered":10,"skipped":0,"pct":50},"functions":{"total":8,"covered":0,"skipped":0,"pct":0},"statements":{"total":26,"covered":10,"skipped":0,"pct":38.46},"branches":{"total":0,"covered":0,"skipped":0,"pct":100}}
,"/home/thiago/Documentos/Projetos/sd-09-project-recipes-app/src/actions/checks.js": {"lines":{"total":2,"covered":2,"skipped":0,"pct":100},"functions":{"total":1,"covered":0,"skipped":0,"pct":0},"statements":{"total":3,"covered":2,"skipped":0,"pct":66.67},"branches":{"total":0,"covered":0,"skipped":0,"pct":100}}
,"/home/thiago/Documentos/Projetos/sd-09-project-recipes-app/src/actions/filterList.js": {"lines":{"total":16,"covered":7,"skipped":0,"pct":43.75},"functions":{"total":5,"covered":0,"skipped":0,"pct":0},"statements":{"total":20,"covered":7,"skipped":0,"pct":35},"branches":{"total":2,"covered":0,"skipped":0,"pct":0}}
,"/home/thiago/Documentos/Projetos/sd-09-project-recipes-app/src/actions/filters.js": {"lines":{"total":16,"covered":7,"skipped":0,"pct":43.75},"functions":{"total":5,"covered":0,"skipped":0,"pct":0},"statements":{"total":20,"covered":7,"skipped":0,"pct":35},"branches":{"total":2,"covered":0,"skipped":0,"pct":0}}
,"/home/thiago/Documentos/Projetos/sd-09-project-recipes-app/src/actions/getDrinkById.js": {"lines":{"total":17,"covered":9,"skipped":0,"pct":52.94},"functions":{"total":6,"covered":0,"skipped":0,"pct":0},"statements":{"total":22,"covered":9,"skipped":0,"pct":40.91},"branches":{"total":0,"covered":0,"skipped":0,"pct":100}}
,"/home/thiago/Documentos/Projetos/sd-09-project-recipes-app/src/actions/itemById.js": {"lines":{"total":12,"covered":7,"skipped":0,"pct":58.33},"functions":{"total":5,"covered":0,"skipped":0,"pct":0},"statements":{"total":16,"covered":7,"skipped":0,"pct":43.75},"branches":{"total":0,"covered":0,"skipped":0,"pct":100}}
,"/home/thiago/Documentos/Projetos/sd-09-project-recipes-app/src/actions/page.js": {"lines":{"total":2,"covered":0,"skipped":0,"pct":0},"functions":{"total":1,"covered":0,"skipped":0,"pct":0},"statements":{"total":3,"covered":0,"skipped":0,"pct":0},"branches":{"total":0,"covered":0,"skipped":0,"pct":100}}
,"/home/thiago/Documentos/Projetos/sd-09-project-recipes-app/src/actions/searchBar.js": {"lines":{"total":16,"covered":7,"skipped":0,"pct":43.75},"functions":{"total":5,"covered":0,"skipped":0,"pct":0},"statements":{"total":20,"covered":7,"skipped":0,"pct":35},"branches":{"total":2,"covered":0,"skipped":0,"pct":0}}
,"/home/thiago/Documentos/Projetos/sd-09-project-recipes-app/src/components/Filters.jsx": {"lines":{"total":19,"covered":3,"skipped":0,"pct":15.79},"functions":{"total":9,"covered":0,"skipped":0,"pct":0},"statements":{"total":22,"covered":3,"skipped":0,"pct":13.64},"branches":{"total":8,"covered":0,"skipped":0,"pct":0}}
,"/home/thiago/Documentos/Projetos/sd-09-project-recipes-app/src/components/Footer.jsx": {"lines":{"total":2,"covered":1,"skipped":0,"pct":50},"functions":{"total":1,"covered":0,"skipped":0,"pct":0},"statements":{"total":2,"covered":1,"skipped":0,"pct":50},"branches":{"total":0,"covered":0,"skipped":0,"pct":100}}
,"/home/thiago/Documentos/Projetos/sd-09-project-recipes-app/src/components/Header.jsx": {"lines":{"total":7,"covered":1,"skipped":0,"pct":14.29},"functions":{"total":2,"covered":0,"skipped":0,"pct":0},"statements":{"total":7,"covered":1,"skipped":0,"pct":14.29},"branches":{"total":6,"covered":0,"skipped":0,"pct":0}}
,"/home/thiago/Documentos/Projetos/sd-09-project-recipes-app/src/components/RecipeItemDrinks.jsx": {"lines":{"total":2,"covered":1,"skipped":0,"pct":50},"functions":{"total":1,"covered":0,"skipped":0,"pct":0},"statements":{"total":2,"covered":1,"skipped":0,"pct":50},"branches":{"total":0,"covered":0,"skipped":0,"pct":100}}
,"/home/thiago/Documentos/Projetos/sd-09-project-recipes-app/src/components/RecipeItemFoods.jsx": {"lines":{"total":2,"covered":1,"skipped":0,"pct":50},"functions":{"total":1,"covered":0,"skipped":0,"pct":0},"statements":{"total":2,"covered":1,"skipped":0,"pct":50},"branches":{"total":0,"covered":0,"skipped":0,"pct":100}}
,"/home/thiago/Documentos/Projetos/sd-09-project-recipes-app/src/components/RecipeList.jsx": {"lines":{"total":29,"covered":2,"skipped":0,"pct":6.9},"functions":{"total":7,"covered":0,"skipped":0,"pct":0},"statements":{"total":32,"covered":2,"skipped":0,"pct":6.25},"branches":{"total":10,"covered":0,"skipped":0,"pct":0}}
,"/home/thiago/Documentos/Projetos/sd-09-project-recipes-app/src/components/RecipesList.jsx": {"lines":{"total":17,"covered":2,"skipped":0,"pct":11.76},"functions":{"total":6,"covered":0,"skipped":0,"pct":0},"statements":{"total":21,"covered":2,"skipped":0,"pct":9.52},"branches":{"total":17,"covered":0,"skipped":0,"pct":0}}
,"/home/thiago/Documentos/Projetos/sd-09-project-recipes-app/src/components/SearchBar.jsx": {"lines":{"total":11,"covered":2,"skipped":0,"pct":18.18},"functions":{"total":5,"covered":0,"skipped":0,"pct":0},"statements":{"total":12,"covered":2,"skipped":0,"pct":16.67},"branches":{"total":4,"covered":0,"skipped":0,"pct":0}}
,"/home/thiago/Documentos/Projetos/sd-09-project-recipes-app/src/components/ShareAndFavo.jsx": {"lines":{"total":24,"covered":1,"skipped":0,"pct":4.17},"functions":{"total":6,"covered":0,"skipped":0,"pct":0},"statements":{"total":24,"covered":1,"skipped":0,"pct":4.17},"branches":{"total":20,"covered":0,"skipped":0,"pct":0}}
,"/home/thiago/Documentos/Projetos/sd-09-project-recipes-app/src/pages/DoneRecipes.jsx": {"lines":{"total":26,"covered":0,"skipped":0,"pct":0},"functions":{"total":13,"covered":0,"skipped":0,"pct":0},"statements":{"total":27,"covered":0,"skipped":0,"pct":0},"branches":{"total":10,"covered":0,"skipped":0,"pct":0}}
,"/home/thiago/Documentos/Projetos/sd-09-project-recipes-app/src/pages/DrinkDetails.jsx": {"lines":{"total":22,"covered":3,"skipped":0,"pct":13.64},"functions":{"total":7,"covered":0,"skipped":0,"pct":0},"statements":{"total":24,"covered":3,"skipped":0,"pct":12.5},"branches":{"total":12,"covered":0,"skipped":0,"pct":0}}
,"/home/thiago/Documentos/Projetos/sd-09-project-recipes-app/src/pages/DrinkMainPage.jsx": {"lines":{"total":8,"covered":2,"skipped":0,"pct":25},"functions":{"total":5,"covered":0,"skipped":0,"pct":0},"statements":{"total":9,"covered":2,"skipped":0,"pct":22.22},"branches":{"total":0,"covered":0,"skipped":0,"pct":100}}
,"/home/thiago/Documentos/Projetos/sd-09-project-recipes-app/src/pages/Explore.jsx": {"lines":{"total":1,"covered":0,"skipped":0,"pct":0},"functions":{"total":1,"covered":0,"skipped":0,"pct":0},"statements":{"total":1,"covered":0,"skipped":0,"pct":0},"branches":{"total":0,"covered":0,"skipped":0,"pct":100}}
,"/home/thiago/Documentos/Projetos/sd-09-project-recipes-app/src/pages/ExploreDrink.jsx": {"lines":{"total":12,"covered":0,"skipped":0,"pct":0},"functions":{"total":4,"covered":0,"skipped":0,"pct":0},"statements":{"total":12,"covered":0,"skipped":0,"pct":0},"branches":{"total":4,"covered":0,"skipped":0,"pct":0}}
,"/home/thiago/Documentos/Projetos/sd-09-project-recipes-app/src/pages/ExploreDrinkIngredients.jsx": {"lines":{"total":1,"covered":0,"skipped":0,"pct":0},"functions":{"total":1,"covered":0,"skipped":0,"pct":0},"statements":{"total":1,"covered":0,"skipped":0,"pct":0},"branches":{"total":0,"covered":0,"skipped":0,"pct":100}}
,"/home/thiago/Documentos/Projetos/sd-09-project-recipes-app/src/pages/ExploreFood.jsx": {"lines":{"total":12,"covered":0,"skipped":0,"pct":0},"functions":{"total":4,"covered":0,"skipped":0,"pct":0},"statements":{"total":12,"covered":0,"skipped":0,"pct":0},"branches":{"total":4,"covered":0,"skipped":0,"pct":0}}
,"/home/thiago/Documentos/Projetos/sd-09-project-recipes-app/src/pages/ExploreFoodArea.jsx": {"lines":{"total":21,"covered":2,"skipped":0,"pct":9.52},"functions":{"total":11,"covered":0,"skipped":0,"pct":0},"statements":{"total":24,"covered":2,"skipped":0,"pct":8.33},"branches":{"total":8,"covered":0,"skipped":0,"pct":0}}
,"/home/thiago/Documentos/Projetos/sd-09-project-recipes-app/src/pages/ExploreFoodIngredients.jsx": {"lines":{"total":1,"covered":0,"skipped":0,"pct":0},"functions":{"total":1,"covered":0,"skipped":0,"pct":0},"statements":{"total":1,"covered":0,"skipped":0,"pct":0},"branches":{"total":0,"covered":0,"skipped":0,"pct":100}}
,"/home/thiago/Documentos/Projetos/sd-09-project-recipes-app/src/pages/FavoriteRecipes.jsx": {"lines":{"total":31,"covered":0,"skipped":0,"pct":0},"functions":{"total":15,"covered":0,"skipped":0,"pct":0},"statements":{"total":33,"covered":0,"skipped":0,"pct":0},"branches":{"total":8,"covered":0,"skipped":0,"pct":0}}
,"/home/thiago/Documentos/Projetos/sd-09-project-recipes-app/src/pages/FoodDetails.jsx": {"lines":{"total":22,"covered":3,"skipped":0,"pct":13.64},"functions":{"total":7,"covered":0,"skipped":0,"pct":0},"statements":{"total":24,"covered":3,"skipped":0,"pct":12.5},"branches":{"total":12,"covered":0,"skipped":0,"pct":0}}
,"/home/thiago/Documentos/Projetos/sd-09-project-recipes-app/src/pages/FoodMainPage.jsx": {"lines":{"total":8,"covered":2,"skipped":0,"pct":25},"functions":{"total":5,"covered":0,"skipped":0,"pct":0},"statements":{"total":9,"covered":2,"skipped":0,"pct":22.22},"branches":{"total":0,"covered":0,"skipped":0,"pct":100}}
,"/home/thiago/Documentos/Projetos/sd-09-project-recipes-app/src/pages/Login.jsx": {"lines":{"total":15,"covered":0,"skipped":0,"pct":0},"functions":{"total":5,"covered":0,"skipped":0,"pct":0},"statements":{"total":15,"covered":0,"skipped":0,"pct":0},"branches":{"total":4,"covered":0,"skipped":0,"pct":0}}
,"/home/thiago/Documentos/Projetos/sd-09-project-recipes-app/src/pages/NotFound.jsx": {"lines":{"total":1,"covered":0,"skipped":0,"pct":0},"functions":{"total":1,"covered":0,"skipped":0,"pct":0},"statements":{"total":1,"covered":0,"skipped":0,"pct":0},"branches":{"total":0,"covered":0,"skipped":0,"pct":100}}
,"/home/thiago/Documentos/Projetos/sd-09-project-recipes-app/src/pages/Perfil.jsx": {"lines":{"total":2,"covered":0,"skipped":0,"pct":0},"functions":{"total":2,"covered":0,"skipped":0,"pct":0},"statements":{"total":2,"covered":0,"skipped":0,"pct":0},"branches":{"total":2,"covered":0,"skipped":0,"pct":0}}
,"/home/thiago/Documentos/Projetos/sd-09-project-recipes-app/src/pages/RecipeInProgress.jsx": {"lines":{"total":29,"covered":3,"skipped":0,"pct":10.34},"functions":{"total":10,"covered":0,"skipped":0,"pct":0},"statements":{"total":34,"covered":3,"skipped":0,"pct":8.82},"branches":{"total":16,"covered":0,"skipped":0,"pct":0}}
,"/home/thiago/Documentos/Projetos/sd-09-project-recipes-app/src/reducers/area.js": {"lines":{"total":8,"covered":0,"skipped":0,"pct":0},"functions":{"total":1,"covered":0,"skipped":0,"pct":0},"statements":{"total":8,"covered":0,"skipped":0,"pct":0},"branches":{"total":6,"covered":0,"skipped":0,"pct":0}}
,"/home/thiago/Documentos/Projetos/sd-09-project-recipes-app/src/reducers/checks.js": {"lines":{"total":5,"covered":0,"skipped":0,"pct":0},"functions":{"total":1,"covered":0,"skipped":0,"pct":0},"statements":{"total":5,"covered":0,"skipped":0,"pct":0},"branches":{"total":3,"covered":0,"skipped":0,"pct":0}}
,"/home/thiago/Documentos/Projetos/sd-09-project-recipes-app/src/reducers/data.js": {"lines":{"total":9,"covered":0,"skipped":0,"pct":0},"functions":{"total":1,"covered":0,"skipped":0,"pct":0},"statements":{"total":9,"covered":0,"skipped":0,"pct":0},"branches":{"total":7,"covered":0,"skipped":0,"pct":0}}
,"/home/thiago/Documentos/Projetos/sd-09-project-recipes-app/src/reducers/filters.js": {"lines":{"total":7,"covered":0,"skipped":0,"pct":0},"functions":{"total":1,"covered":0,"skipped":0,"pct":0},"statements":{"total":7,"covered":0,"skipped":0,"pct":0},"branches":{"total":5,"covered":0,"skipped":0,"pct":0}}
,"/home/thiago/Documentos/Projetos/sd-09-project-recipes-app/src/reducers/item.js": {"lines":{"total":7,"covered":0,"skipped":0,"pct":0},"functions":{"total":1,"covered":0,"skipped":0,"pct":0},"statements":{"total":7,"covered":0,"skipped":0,"pct":0},"branches":{"total":5,"covered":0,"skipped":0,"pct":0}}
,"/home/thiago/Documentos/Projetos/sd-09-project-recipes-app/src/reducers/page.js": {"lines":{"total":5,"covered":0,"skipped":0,"pct":0},"functions":{"total":1,"covered":0,"skipped":0,"pct":0},"statements":{"total":5,"covered":0,"skipped":0,"pct":0},"branches":{"total":3,"covered":0,"skipped":0,"pct":0}}
,"/home/thiago/Documentos/Projetos/sd-09-project-recipes-app/src/services/fetchArea.js": {"lines":{"total":16,"covered":2,"skipped":0,"pct":12.5},"functions":{"total":2,"covered":0,"skipped":0,"pct":0},"statements":{"total":16,"covered":2,"skipped":0,"pct":12.5},"branches":{"total":2,"covered":0,"skipped":0,"pct":0}}
,"/home/thiago/Documentos/Projetos/sd-09-project-recipes-app/src/services/fetchDrinkById.js": {"lines":{"total":18,"covered":2,"skipped":0,"pct":11.11},"functions":{"total":3,"covered":0,"skipped":0,"pct":0},"statements":{"total":18,"covered":2,"skipped":0,"pct":11.11},"branches":{"total":0,"covered":0,"skipped":0,"pct":100}}
,"/home/thiago/Documentos/Projetos/sd-09-project-recipes-app/src/services/fetchFilteredRecipes.js": {"lines":{"total":14,"covered":2,"skipped":0,"pct":14.29},"functions":{"total":2,"covered":0,"skipped":0,"pct":0},"statements":{"total":14,"covered":2,"skipped":0,"pct":14.29},"branches":{"total":0,"covered":0,"skipped":0,"pct":100}}
,"/home/thiago/Documentos/Projetos/sd-09-project-recipes-app/src/services/fetchFilters.js": {"lines":{"total":14,"covered":2,"skipped":0,"pct":14.29},"functions":{"total":2,"covered":0,"skipped":0,"pct":0},"statements":{"total":14,"covered":2,"skipped":0,"pct":14.29},"branches":{"total":0,"covered":0,"skipped":0,"pct":100}}
,"/home/thiago/Documentos/Projetos/sd-09-project-recipes-app/src/services/fetchItemById.js": {"lines":{"total":9,"covered":1,"skipped":0,"pct":11.11},"functions":{"total":1,"covered":0,"skipped":0,"pct":0},"statements":{"total":9,"covered":1,"skipped":0,"pct":11.11},"branches":{"total":2,"covered":0,"skipped":0,"pct":0}}
,"/home/thiago/Documentos/Projetos/sd-09-project-recipes-app/src/services/fetchMealById.js": {"lines":{"total":18,"covered":2,"skipped":0,"pct":11.11},"functions":{"total":3,"covered":0,"skipped":0,"pct":0},"statements":{"total":18,"covered":2,"skipped":0,"pct":11.11},"branches":{"total":0,"covered":0,"skipped":0,"pct":100}}
,"/home/thiago/Documentos/Projetos/sd-09-project-recipes-app/src/services/fetchSearchBar.js": {"lines":{"total":18,"covered":2,"skipped":0,"pct":11.11},"functions":{"total":2,"covered":0,"skipped":0,"pct":0},"statements":{"total":18,"covered":2,"skipped":0,"pct":11.11},"branches":{"total":4,"covered":0,"skipped":0,"pct":0}}
,"/home/thiago/Documentos/Projetos/sd-09-project-recipes-app/src/services/localStorage.js": {"lines":{"total":5,"covered":1,"skipped":0,"pct":20},"functions":{"total":2,"covered":0,"skipped":0,"pct":0},"statements":{"total":5,"covered":1,"skipped":0,"pct":20},"branches":{"total":10,"covered":0,"skipped":0,"pct":0}}
,"/home/thiago/Documentos/Projetos/sd-09-project-recipes-app/src/services/randomFetch.js": {"lines":{"total":8,"covered":1,"skipped":0,"pct":12.5},"functions":{"total":1,"covered":0,"skipped":0,"pct":0},"statements":{"total":8,"covered":1,"skipped":0,"pct":12.5},"branches":{"total":2,"covered":0,"skipped":0,"pct":0}}
}
